2025-06-25 10:35:34,080 - INFO - Starting metadata extraction process at 10:35:34  on Wednesday, June 25, 2025
2025-06-25 10:35:34,085 - INFO - Found 50 text files to process in d:\AL FITRA\STUDI UMM\SEMESTER 6\TEORI\PENALARAN KOMPUTER\SOURCE CODE\PENALARAN KOMPUTER\CBR_Penalararan_Komputer\CBR\data\raw
2025-06-25 10:35:34,089 - INFO - Extracted nomor_perkara from 'penetapan/putusan nomor pid sus' pattern: 1159pk pid sus 2024 for case_001.txt
2025-06-25 10:35:34,090 - INFO - Extracted case year from nomor_perkara and set as tahun_putusan: 2024 for case_001.txt
2025-06-25 10:35:34,091 - INFO - Extracted date: 15 July 2019 (Year: 2024, Month: July, Day: 15) for case_001.txt
2025-06-25 10:35:34,092 - INFO - Set jenis_perkara to 'Pidana Khusus Korupsi' for case_001.txt
2025-06-25 10:35:34,094 - INFO - Set tingkat_pemeriksaan to 'Peninjauan Kembali' for case_001.txt
2025-06-25 10:35:34,094 - INFO - Set lembaga_peradilan to 'Mahkamah Agung' for case_001.txt
2025-06-25 10:35:34,097 - INFO - Extracted fallback pasal: pasal 2 for case_001.txt
2025-06-25 10:35:34,098 - WARNING - No hakim_ketua found in case_001.txt
2025-06-25 10:35:34,100 - INFO - Extracted ringkasan_fakta using pattern 1 for case_001.txt: menolak permohonan peninjauan kembali daripemohon peninjauankembali terpidanaedi chandra s kep ns tersebut menetapkan bahwa putusan yang dimohonkan peninjauan kembali tersebuttetap berlaku membebankan
2025-06-25 10:35:34,101 - INFO - Extracted jumlah_kata_putusan: 3686 for case_001.txt
2025-06-25 10:35:34,102 - INFO - Completed metadata extraction for case_001.txt
2025-06-25 10:35:34,103 - INFO - Processed text file: case_001.txt
2025-06-25 10:35:34,105 - INFO - Extracted nomor_perkara from 'penetapan/putusan nomor pid sus' pattern: 1191 pk pid sus 2024 for case_002.txt
2025-06-25 10:35:34,107 - INFO - Extracted case year from nomor_perkara and set as tahun_putusan: 2024 for case_002.txt
2025-06-25 10:35:34,108 - INFO - Extracted date: 22 December 2022 (Year: 2024, Month: December, Day: 22) for case_002.txt
2025-06-25 10:35:34,109 - INFO - Set jenis_perkara to 'Pidana Khusus Korupsi' for case_002.txt
2025-06-25 10:35:34,110 - INFO - Set tingkat_pemeriksaan to 'Peninjauan Kembali' for case_002.txt
2025-06-25 10:35:34,111 - INFO - Set lembaga_peradilan to 'Mahkamah Agung' for case_002.txt
2025-06-25 10:35:34,113 - INFO - Extracted pasal: pasal 2 ayat 1, Undang-Undang Nomor 31 tahun 1999 for case_002.txt
2025-06-25 10:35:34,114 - INFO - Extracted hakim_ketua: h arizon mega jaya s h m h hakim ad hoc tindak pidana korupsi pada mahkamah agung for case_002.txt
2025-06-25 10:35:34,115 - INFO - Extracted ringkasan_fakta using pattern 1 for case_002.txt: kembali perkara tersebut dengan amar seperti yang akan disebutkan di bawah ini
2025-06-25 10:35:34,116 - INFO - Extracted jumlah_kata_putusan: 3715 for case_002.txt
2025-06-25 10:35:34,117 - INFO - Completed metadata extraction for case_002.txt
2025-06-25 10:35:34,117 - INFO - Processed text file: case_002.txt
2025-06-25 10:35:34,120 - INFO - Extracted nomor_perkara from 'penetapan/putusan nomor pid sus' pattern: 1193 pk pid sus 2024 for case_003.txt
2025-06-25 10:35:34,120 - INFO - Extracted case year from nomor_perkara and set as tahun_putusan: 2024 for case_003.txt
2025-06-25 10:35:34,123 - WARNING - Extracted year 2011 differs significantly from case year 2024 in case_003.txt. Using case year 2024.
2025-06-25 10:35:34,124 - WARNING - Extracted year 2011 differs significantly from case year 2024 in case_003.txt. Using case year 2024.
2025-06-25 10:35:34,124 - WARNING - Extracted year 2011 differs significantly from case year 2024 in case_003.txt. Using case year 2024.
2025-06-25 10:35:34,125 - WARNING - Extracted year 2011 differs significantly from case year 2024 in case_003.txt. Using case year 2024.
2025-06-25 10:35:34,126 - WARNING - Extracted year 2011 differs significantly from case year 2024 in case_003.txt. Using case year 2024.
2025-06-25 10:35:34,130 - WARNING - Extracted year 2011 differs significantly from case year 2024 in case_003.txt. Using case year 2024.
2025-06-25 10:35:34,141 - WARNING - Extracted year 2011 differs significantly from case year 2024 in case_003.txt. Using case year 2024.
2025-06-25 10:35:34,143 - WARNING - Extracted year 2011 differs significantly from case year 2024 in case_003.txt. Using case year 2024.
2025-06-25 10:35:34,144 - WARNING - Extracted year 2011 differs significantly from case year 2024 in case_003.txt. Using case year 2024.
2025-06-25 10:35:34,145 - WARNING - Extracted year 2011 differs significantly from case year 2024 in case_003.txt. Using case year 2024.
2025-06-25 10:35:34,147 - WARNING - Extracted year 2010 differs significantly from case year 2024 in case_003.txt. Using case year 2024.
2025-06-25 10:35:34,147 - WARNING - Extracted year 2009 differs significantly from case year 2024 in case_003.txt. Using case year 2024.
2025-06-25 10:35:34,148 - WARNING - Extracted year 2009 differs significantly from case year 2024 in case_003.txt. Using case year 2024.
2025-06-25 10:35:34,149 - WARNING - Extracted year 2011 differs significantly from case year 2024 in case_003.txt. Using case year 2024.
2025-06-25 10:35:34,149 - WARNING - Extracted year 2011 differs significantly from case year 2024 in case_003.txt. Using case year 2024.
2025-06-25 10:35:34,150 - WARNING - Extracted year 2010 differs significantly from case year 2024 in case_003.txt. Using case year 2024.
2025-06-25 10:35:34,151 - WARNING - Extracted year 1996 differs significantly from case year 2024 in case_003.txt. Using case year 2024.
2025-06-25 10:35:34,151 - WARNING - Extracted year 1990 differs significantly from case year 2024 in case_003.txt. Using case year 2024.
2025-06-25 10:35:34,153 - WARNING - Extracted year 1977 differs significantly from case year 2024 in case_003.txt. Using case year 2024.
2025-06-25 10:35:34,155 - WARNING - Extracted year 1995 differs significantly from case year 2024 in case_003.txt. Using case year 2024.
2025-06-25 10:35:34,155 - WARNING - Extracted year 1992 differs significantly from case year 2024 in case_003.txt. Using case year 2024.
2025-06-25 10:35:34,156 - WARNING - Extracted year 2006 differs significantly from case year 2024 in case_003.txt. Using case year 2024.
2025-06-25 10:35:34,157 - WARNING - Extracted year 2010 differs significantly from case year 2024 in case_003.txt. Using case year 2024.
2025-06-25 10:35:34,157 - WARNING - Extracted year 2007 differs significantly from case year 2024 in case_003.txt. Using case year 2024.
2025-06-25 10:35:34,158 - WARNING - Extracted year 2010 differs significantly from case year 2024 in case_003.txt. Using case year 2024.
2025-06-25 10:35:34,159 - WARNING - Extracted year 2010 differs significantly from case year 2024 in case_003.txt. Using case year 2024.
2025-06-25 10:35:34,159 - WARNING - Extracted year 2010 differs significantly from case year 2024 in case_003.txt. Using case year 2024.
2025-06-25 10:35:34,160 - WARNING - Extracted year 2014 differs significantly from case year 2024 in case_003.txt. Using case year 2024.
2025-06-25 10:35:34,161 - INFO - Extracted date: 24 October 2023 (Year: 2024, Month: October, Day: 24) for case_003.txt
2025-06-25 10:35:34,163 - INFO - Set jenis_perkara to 'Pidana Khusus Korupsi' for case_003.txt
2025-06-25 10:35:34,164 - INFO - Set tingkat_pemeriksaan to 'Peninjauan Kembali' for case_003.txt
2025-06-25 10:35:34,164 - INFO - Set lembaga_peradilan to 'Mahkamah Agung' for case_003.txt
2025-06-25 10:35:34,166 - INFO - Extracted fallback pasal: pasal 2 ayat 1 for case_003.txt
2025-06-25 10:35:34,167 - WARNING - No hakim_ketua found in case_003.txt
2025-06-25 10:35:34,168 - INFO - Extracted ringkasan_fakta using pattern 1 for case_003.txt: para terpidana dalam perkaraa quotelah sesuai hukumacara pidana bahwajudex factidalam menyatakan para terpidana terbukti bersalahmelakukan tindak pidana korupsi melanggarpasal3undang undangnomor 31 ta
2025-06-25 10:35:34,170 - INFO - Extracted jumlah_kata_putusan: 4158 for case_003.txt
2025-06-25 10:35:34,171 - INFO - Completed metadata extraction for case_003.txt
2025-06-25 10:35:34,171 - INFO - Processed text file: case_003.txt
2025-06-25 10:35:34,174 - INFO - Extracted nomor_perkara from fallback 'nomor' pattern: 11pk pid sus 2025 for case_004.txt
2025-06-25 10:35:34,175 - INFO - Extracted case year from nomor_perkara and set as tahun_putusan: 2025 for case_004.txt
2025-06-25 10:35:34,176 - WARNING - Extracted year 2019 differs significantly from case year 2025 in case_004.txt. Using case year 2025.
2025-06-25 10:35:34,177 - WARNING - Extracted year 2019 differs significantly from case year 2025 in case_004.txt. Using case year 2025.
2025-06-25 10:35:34,177 - WARNING - Extracted year 2019 differs significantly from case year 2025 in case_004.txt. Using case year 2025.
2025-06-25 10:35:34,179 - WARNING - Extracted year 2019 differs significantly from case year 2025 in case_004.txt. Using case year 2025.
2025-06-25 10:35:34,181 - INFO - Extracted date: 4 October 2022 (Year: 2025, Month: October, Day: 4) for case_004.txt
2025-06-25 10:35:34,182 - INFO - Set jenis_perkara to 'Pidana Khusus Korupsi' for case_004.txt
2025-06-25 10:35:34,183 - INFO - Set tingkat_pemeriksaan to 'Peninjauan Kembali' for case_004.txt
2025-06-25 10:35:34,184 - INFO - Set lembaga_peradilan to 'Mahkamah Agung' for case_004.txt
2025-06-25 10:35:34,185 - INFO - Extracted fallback pasal: pasal 18 for case_004.txt
2025-06-25 10:35:34,187 - INFO - Extracted hakim_ketua: h arizon mega jaya s h m h hakimad hoctindak pidanakorupsi pada mahkamah agung dansutarjo s h m h hakim agungsebagaihakim hakim anggota putusan tersebut diucapkan dalam sidang terbuka untukumum pada hari for case_004.txt
2025-06-25 10:35:34,187 - INFO - Extracted ringkasan_fakta using pattern 1 for case_004.txt: menolak permohonan peninjauan kembali dari pemohonpeninjauankembali terpidanamade markus marion dju alias madetersebut menetapkanbahwaputusan yangdimohonkan peninjauan kembalitersebut tetap berlaku me
2025-06-25 10:35:34,189 - INFO - Extracted jumlah_kata_putusan: 3542 for case_004.txt
2025-06-25 10:35:34,190 - INFO - Completed metadata extraction for case_004.txt
2025-06-25 10:35:34,191 - INFO - Processed text file: case_004.txt
2025-06-25 10:35:34,197 - INFO - Extracted nomor_perkara from 'penetapan/putusan nomor pid sus' pattern: 1204 pk pid sus 2024 for case_005.txt
2025-06-25 10:35:34,197 - INFO - Extracted case year from nomor_perkara and set as tahun_putusan: 2024 for case_005.txt
2025-06-25 10:35:34,198 - INFO - Extracted date: 20 August 2021 (Year: 2024, Month: August, Day: 20) for case_005.txt
2025-06-25 10:35:34,199 - INFO - Set jenis_perkara to 'Pidana Khusus Korupsi' for case_005.txt
2025-06-25 10:35:34,200 - INFO - Set tingkat_pemeriksaan to 'Peninjauan Kembali' for case_005.txt
2025-06-25 10:35:34,201 - INFO - Set lembaga_peradilan to 'Mahkamah Agung' for case_005.txt
2025-06-25 10:35:34,201 - INFO - Extracted pasal: pasal 2 ayat 1, Undang-Undang Nomor 31 tahun 1999 for case_005.txt
2025-06-25 10:35:34,204 - INFO - Extracted hakim_ketua: dr sinintha yuliansih sibarani s h m h hakim ad hoc tindak pidana korupsi pada mahkamah agung for case_005.txt
2025-06-25 10:35:34,206 - INFO - Extracted ringkasan_fakta using pattern 1 for case_005.txt: kembali perkara tersebut dengan amar seperti yang akan disebutkan di bawah ini
2025-06-25 10:35:34,208 - INFO - Extracted jumlah_kata_putusan: 25414 for case_005.txt
2025-06-25 10:35:34,208 - INFO - Completed metadata extraction for case_005.txt
2025-06-25 10:35:34,209 - INFO - Processed text file: case_005.txt
2025-06-25 10:35:34,210 - INFO - Extracted nomor_perkara from 'penetapan/putusan nomor pid sus' pattern: 1211pk pid sus 2024 for case_006.txt
2025-06-25 10:35:34,210 - INFO - Extracted case year from nomor_perkara and set as tahun_putusan: 2024 for case_006.txt
2025-06-25 10:35:34,217 - WARNING - Extracted year 1971 differs significantly from case year 2024 in case_006.txt. Using case year 2024.
2025-06-25 10:35:34,218 - WARNING - Extracted year 2007 differs significantly from case year 2024 in case_006.txt. Using case year 2024.
2025-06-25 10:35:34,218 - INFO - Extracted date: 8 August 2022 (Year: 2024, Month: August, Day: 8) for case_006.txt
2025-06-25 10:35:34,219 - INFO - Set jenis_perkara to 'Pidana Khusus Korupsi' for case_006.txt
2025-06-25 10:35:34,220 - INFO - Set tingkat_pemeriksaan to 'Peninjauan Kembali' for case_006.txt
2025-06-25 10:35:34,221 - INFO - Set lembaga_peradilan to 'Mahkamah Agung' for case_006.txt
2025-06-25 10:35:34,221 - INFO - Extracted fallback pasal: pasal 2 for case_006.txt
2025-06-25 10:35:34,222 - INFO - Extracted hakim_ketua: dr sinintha yuliansih sibarani s h m h hakimad hoctindak pidana korupsi pada mahkamah agung dansigid triyono s h m h hakim agung sebagai hakim hakim anggota putusan tersebutdiucapkan dalam sidang terbuka untuk umumpada hari dantanggalitujuga oleh ketua majelis yang dihadiri hakim hakim anggota sertadr carolina s h m h panitera pengganti dengan tidak dihadiri olehpenuntut umum for case_006.txt
2025-06-25 10:35:34,223 - INFO - Extracted ringkasan_fakta using pattern 1 for case_006.txt: sendiri 1 menyatakan terdakwa adrianus utama suwandi anak dariedward suwandi tidak terbukti secara sahdan meyakinkanbersalah melakukan tindak pidana sebagaimana dalamdakwaanprimairpenuntut umum 2 memb
2025-06-25 10:35:34,224 - INFO - Extracted jumlah_kata_putusan: 2709 for case_006.txt
2025-06-25 10:35:34,225 - INFO - Completed metadata extraction for case_006.txt
2025-06-25 10:35:34,225 - INFO - Processed text file: case_006.txt
2025-06-25 10:35:34,227 - INFO - Extracted nomor_perkara from 'penetapan/putusan nomor pid sus' pattern: 1270pk pid sus 2024 for case_007.txt
2025-06-25 10:35:34,227 - INFO - Extracted case year from nomor_perkara and set as tahun_putusan: 2024 for case_007.txt
2025-06-25 10:35:34,228 - INFO - Extracted date: 8 September 2020 (Year: 2024, Month: September, Day: 8) for case_007.txt
2025-06-25 10:35:34,229 - INFO - Set jenis_perkara to 'Pidana Khusus Korupsi' for case_007.txt
2025-06-25 10:35:34,230 - INFO - Set tingkat_pemeriksaan to 'Peninjauan Kembali' for case_007.txt
2025-06-25 10:35:34,231 - INFO - Set lembaga_peradilan to 'Mahkamah Agung' for case_007.txt
2025-06-25 10:35:34,231 - INFO - Extracted fallback pasal: pasal 2 for case_007.txt
2025-06-25 10:35:34,232 - INFO - Extracted hakim_ketua: dr sinintha yuliansih sibarani s h m h hakimad hoctindak pidana korupsi pada mahkamah agungdansutarjo s h m h hakim agungsebagai hakim hakim anggota putusan tersebut diucapkandalam sidang terbuka untuk umum pada hari for case_007.txt
2025-06-25 10:35:34,233 - INFO - Extracted ringkasan_fakta using pattern 1 for case_007.txt: sendiri 1 menyatakanterdakwatahan banurea s e tidak terbuktisecara sah dan meyakinkan bersalah melakukan tindak pidanasebagaimana didakwakan dalam dakwaan pertama primair 2 membebaskanterdakwatersebut
2025-06-25 10:35:34,234 - INFO - Extracted jumlah_kata_putusan: 3192 for case_007.txt
2025-06-25 10:35:34,235 - INFO - Completed metadata extraction for case_007.txt
2025-06-25 10:35:34,235 - INFO - Processed text file: case_007.txt
2025-06-25 10:35:34,238 - INFO - Extracted nomor_perkara from fallback 'nomor' pattern: 1271 pk pid sus 2024 for case_008.txt
2025-06-25 10:35:34,238 - INFO - Extracted case year from nomor_perkara and set as tahun_putusan: 2024 for case_008.txt
2025-06-25 10:35:34,239 - INFO - Extracted date: 1 July 2020 (Year: 2024, Month: July, Day: 1) for case_008.txt
2025-06-25 10:35:34,240 - INFO - Set jenis_perkara to 'Pidana Khusus Korupsi' for case_008.txt
2025-06-25 10:35:34,240 - INFO - Set tingkat_pemeriksaan to 'Peninjauan Kembali' for case_008.txt
2025-06-25 10:35:34,241 - INFO - Set lembaga_peradilan to 'Mahkamah Agung' for case_008.txt
2025-06-25 10:35:34,242 - INFO - Extracted fallback pasal: pasal 2 for case_008.txt
2025-06-25 10:35:34,243 - WARNING - No hakim_ketua found in case_008.txt
2025-06-25 10:35:34,243 - INFO - Extracted ringkasan_fakta using pattern 1 for case_008.txt: kembali perkara tersebutdengan amar seperti yang akan disebutkan di bawah ini
2025-06-25 10:35:34,244 - INFO - Extracted jumlah_kata_putusan: 2942 for case_008.txt
2025-06-25 10:35:34,245 - INFO - Completed metadata extraction for case_008.txt
2025-06-25 10:35:34,245 - INFO - Processed text file: case_008.txt
2025-06-25 10:35:34,248 - INFO - Extracted nomor_perkara from 'penetapan/putusan nomor pid sus' pattern: 1285pk pid sus 2024 for case_009.txt
2025-06-25 10:35:34,249 - INFO - Extracted case year from nomor_perkara and set as tahun_putusan: 2024 for case_009.txt
2025-06-25 10:35:34,250 - WARNING - Extracted year 2016 differs significantly from case year 2024 in case_009.txt. Using case year 2024.
2025-06-25 10:35:34,251 - WARNING - Extracted year 2015 differs significantly from case year 2024 in case_009.txt. Using case year 2024.
2025-06-25 10:35:34,252 - INFO - Extracted date: 1 July 2020 (Year: 2024, Month: July, Day: 1) for case_009.txt
2025-06-25 10:35:34,252 - INFO - Set jenis_perkara to 'Pidana Khusus Korupsi' for case_009.txt
2025-06-25 10:35:34,253 - INFO - Set tingkat_pemeriksaan to 'Peninjauan Kembali' for case_009.txt
2025-06-25 10:35:34,254 - INFO - Set lembaga_peradilan to 'Mahkamah Agung' for case_009.txt
2025-06-25 10:35:34,255 - INFO - Extracted fallback pasal: pasal 2 ayat 1 for case_009.txt
2025-06-25 10:35:34,255 - INFO - Extracted hakim_ketua: dr agustinus purnomo hadi s h m h hakimad hoctindak pidana korupsi pada mahkamah agungdansigid triyono s h m h hakimagungsebagai hakim hakim anggota putusan tersebutdiucapkan dalam sidang terbuka untuk umum pada hari for case_009.txt
2025-06-25 10:35:34,258 - INFO - Extracted ringkasan_fakta using pattern 1 for case_009.txt: perkaraa quotidak sesuai dengan fakta halaman10dari17halaman putusan nomor1285pk pid sus 2024hukum yang relevan dan tidak sesuai dengan hukum acara yangberlaku dengan pertimbangan sebagai berikut bahw
2025-06-25 10:35:34,260 - INFO - Extracted jumlah_kata_putusan: 3873 for case_009.txt
2025-06-25 10:35:34,261 - INFO - Completed metadata extraction for case_009.txt
2025-06-25 10:35:34,262 - INFO - Processed text file: case_009.txt
2025-06-25 10:35:34,267 - INFO - Extracted nomor_perkara from 'penetapan/putusan nomor pid sus' pattern: 1302pk pid sus 2024 for case_010.txt
2025-06-25 10:35:34,268 - INFO - Extracted case year from nomor_perkara and set as tahun_putusan: 2024 for case_010.txt
2025-06-25 10:35:34,269 - WARNING - Extracted year 2018 differs significantly from case year 2024 in case_010.txt. Using case year 2024.
2025-06-25 10:35:34,270 - WARNING - Extracted year 2018 differs significantly from case year 2024 in case_010.txt. Using case year 2024.
2025-06-25 10:35:34,271 - WARNING - Extracted year 2018 differs significantly from case year 2024 in case_010.txt. Using case year 2024.
2025-06-25 10:35:34,272 - WARNING - Extracted year 2013 differs significantly from case year 2024 in case_010.txt. Using case year 2024.
2025-06-25 10:35:34,273 - INFO - Extracted date: 15 March 2021 (Year: 2024, Month: March, Day: 15) for case_010.txt
2025-06-25 10:35:34,274 - INFO - Set jenis_perkara to 'Pidana Khusus Korupsi' for case_010.txt
2025-06-25 10:35:34,275 - INFO - Set tingkat_pemeriksaan to 'Peninjauan Kembali' for case_010.txt
2025-06-25 10:35:34,275 - INFO - Set lembaga_peradilan to 'Mahkamah Agung' for case_010.txt
2025-06-25 10:35:34,278 - INFO - Extracted fallback pasal: pasal 2 ayat 1 for case_010.txt
2025-06-25 10:35:34,280 - INFO - Extracted hakim_ketua: h arizon mega jaya s h m h hakimad hoctindak pidana korupsi pada mahkamah agung dansutarjo s h m h hakim agungsebagai hakim hakim anggota putusan tersebut diucapkandalam sidang terbuka untuk umum pada hari for case_010.txt
2025-06-25 10:35:34,282 - INFO - Extracted ringkasan_fakta using pattern 1 for case_010.txt: menolak permohonan peninjauan kembali dari pemohon peninjauankembali terpidanasuyonotersebut menetapkanbahwaputusan yangdimohonkan peninjauan kembalitersebut tetap berlaku membebankan kepada terpidana
2025-06-25 10:35:34,284 - INFO - Extracted jumlah_kata_putusan: 11244 for case_010.txt
2025-06-25 10:35:34,284 - INFO - Completed metadata extraction for case_010.txt
2025-06-25 10:35:34,285 - INFO - Processed text file: case_010.txt
2025-06-25 10:35:34,288 - INFO - Extracted nomor_perkara from 'penetapan/putusan nomor pid sus' pattern: 1306 pk pid sus 2024 for case_011.txt
2025-06-25 10:35:34,289 - INFO - Extracted case year from nomor_perkara and set as tahun_putusan: 2024 for case_011.txt
2025-06-25 10:35:34,290 - INFO - Extracted date: 11 July 2022 (Year: 2024, Month: July, Day: 11) for case_011.txt
2025-06-25 10:35:34,291 - INFO - Set jenis_perkara to 'Pidana Khusus Korupsi' for case_011.txt
2025-06-25 10:35:34,292 - INFO - Set tingkat_pemeriksaan to 'Peninjauan Kembali' for case_011.txt
2025-06-25 10:35:34,292 - INFO - Set lembaga_peradilan to 'Mahkamah Agung' for case_011.txt
2025-06-25 10:35:34,293 - INFO - Extracted fallback pasal: pasal 2 ayat 1 for case_011.txt
2025-06-25 10:35:34,295 - WARNING - No hakim_ketua found in case_011.txt
2025-06-25 10:35:34,297 - INFO - Extracted ringkasan_fakta using pattern 1 for case_011.txt: menolak permohonan peninjauan kembali dari pemohon peninjauankembali terpidanateddy tjokrosapoetrotersebut menetapkan bahwa putusan yang dimohonkan peninjauan kembalitersebut tetap berlaku membebankan
2025-06-25 10:35:34,298 - INFO - Extracted jumlah_kata_putusan: 7292 for case_011.txt
2025-06-25 10:35:34,298 - INFO - Completed metadata extraction for case_011.txt
2025-06-25 10:35:34,299 - INFO - Processed text file: case_011.txt
2025-06-25 10:35:34,303 - INFO - Extracted nomor_perkara from 'penetapan/putusan nomor pid sus' pattern: 1654pk pid sus 2024 for case_012.txt
2025-06-25 10:35:34,304 - INFO - Extracted case year from nomor_perkara and set as tahun_putusan: 2024 for case_012.txt
2025-06-25 10:35:34,304 - WARNING - Extracted year 2016 differs significantly from case year 2024 in case_012.txt. Using case year 2024.
2025-06-25 10:35:34,306 - WARNING - Extracted year 2016 differs significantly from case year 2024 in case_012.txt. Using case year 2024.
2025-06-25 10:35:34,307 - WARNING - Extracted year 2016 differs significantly from case year 2024 in case_012.txt. Using case year 2024.
2025-06-25 10:35:34,307 - WARNING - Extracted year 2017 differs significantly from case year 2024 in case_012.txt. Using case year 2024.
2025-06-25 10:35:34,308 - WARNING - Extracted year 2017 differs significantly from case year 2024 in case_012.txt. Using case year 2024.
2025-06-25 10:35:34,308 - WARNING - Extracted year 2017 differs significantly from case year 2024 in case_012.txt. Using case year 2024.
2025-06-25 10:35:34,309 - WARNING - Extracted year 2017 differs significantly from case year 2024 in case_012.txt. Using case year 2024.
2025-06-25 10:35:34,309 - WARNING - Extracted year 2017 differs significantly from case year 2024 in case_012.txt. Using case year 2024.
2025-06-25 10:35:34,310 - WARNING - Extracted year 2017 differs significantly from case year 2024 in case_012.txt. Using case year 2024.
2025-06-25 10:35:34,311 - WARNING - Extracted year 2017 differs significantly from case year 2024 in case_012.txt. Using case year 2024.
2025-06-25 10:35:34,313 - WARNING - Extracted year 1999 differs significantly from case year 2024 in case_012.txt. Using case year 2024.
2025-06-25 10:35:34,314 - WARNING - Extracted year 2016 differs significantly from case year 2024 in case_012.txt. Using case year 2024.
2025-06-25 10:35:34,315 - WARNING - Extracted year 2012 differs significantly from case year 2024 in case_012.txt. Using case year 2024.
2025-06-25 10:35:34,317 - WARNING - Extracted year 2017 differs significantly from case year 2024 in case_012.txt. Using case year 2024.
2025-06-25 10:35:34,317 - WARNING - Extracted year 2017 differs significantly from case year 2024 in case_012.txt. Using case year 2024.
2025-06-25 10:35:34,318 - WARNING - Extracted year 2017 differs significantly from case year 2024 in case_012.txt. Using case year 2024.
2025-06-25 10:35:34,319 - WARNING - Extracted year 2017 differs significantly from case year 2024 in case_012.txt. Using case year 2024.
2025-06-25 10:35:34,320 - WARNING - Extracted year 2017 differs significantly from case year 2024 in case_012.txt. Using case year 2024.
2025-06-25 10:35:34,320 - WARNING - Extracted year 2017 differs significantly from case year 2024 in case_012.txt. Using case year 2024.
2025-06-25 10:35:34,322 - WARNING - Extracted year 2017 differs significantly from case year 2024 in case_012.txt. Using case year 2024.
2025-06-25 10:35:34,323 - WARNING - Extracted year 2017 differs significantly from case year 2024 in case_012.txt. Using case year 2024.
2025-06-25 10:35:34,323 - WARNING - Extracted year 2017 differs significantly from case year 2024 in case_012.txt. Using case year 2024.
2025-06-25 10:35:34,324 - WARNING - Extracted year 2017 differs significantly from case year 2024 in case_012.txt. Using case year 2024.
2025-06-25 10:35:34,325 - WARNING - Extracted year 2018 differs significantly from case year 2024 in case_012.txt. Using case year 2024.
2025-06-25 10:35:34,326 - WARNING - Extracted year 2018 differs significantly from case year 2024 in case_012.txt. Using case year 2024.
2025-06-25 10:35:34,327 - WARNING - Extracted year 2017 differs significantly from case year 2024 in case_012.txt. Using case year 2024.
2025-06-25 10:35:34,328 - WARNING - Extracted year 2017 differs significantly from case year 2024 in case_012.txt. Using case year 2024.
2025-06-25 10:35:34,329 - WARNING - Extracted year 2017 differs significantly from case year 2024 in case_012.txt. Using case year 2024.
2025-06-25 10:35:34,330 - WARNING - Extracted year 2017 differs significantly from case year 2024 in case_012.txt. Using case year 2024.
2025-06-25 10:35:34,330 - WARNING - Extracted year 2017 differs significantly from case year 2024 in case_012.txt. Using case year 2024.
2025-06-25 10:35:34,331 - WARNING - Extracted year 2017 differs significantly from case year 2024 in case_012.txt. Using case year 2024.
2025-06-25 10:35:34,332 - INFO - Extracted date: 18 February 2022 (Year: 2024, Month: February, Day: 18) for case_012.txt
2025-06-25 10:35:34,333 - INFO - Set jenis_perkara to 'Pidana Khusus Korupsi' for case_012.txt
2025-06-25 10:35:34,334 - INFO - Set tingkat_pemeriksaan to 'Peninjauan Kembali' for case_012.txt
2025-06-25 10:35:34,335 - INFO - Set lembaga_peradilan to 'Mahkamah Agung' for case_012.txt
2025-06-25 10:35:34,336 - INFO - Extracted fallback pasal: pasal 2 ayat 1 for case_012.txt
2025-06-25 10:35:34,338 - INFO - Extracted hakim_ketua: h arizon mega jaya s h m h hakimad hoctindak pidana korupsi pada mahkamah agungdansigid triyono s h m h hakim agung sebagai hakim hakim anggota putusan tersebutdiucapkan dalam sidang terbuka untuk umum pada hari for case_012.txt
2025-06-25 10:35:34,339 - INFO - Extracted ringkasan_fakta using pattern 1 for case_012.txt: menolak permohonan peninjauan kembali dari pemohon peninjauankembali terpidanaii junaidi s t bin fauzi marzukitersebut menetapkan bahwa putusan yang dimohonkan peninjauan kembalitersebut tetap berlaku
2025-06-25 10:35:34,340 - INFO - Extracted jumlah_kata_putusan: 10430 for case_012.txt
2025-06-25 10:35:34,340 - INFO - Completed metadata extraction for case_012.txt
2025-06-25 10:35:34,342 - INFO - Processed text file: case_012.txt
2025-06-25 10:35:34,343 - INFO - Extracted nomor_perkara from 'penetapan/putusan nomor pid sus' pattern: 1910 pk pid sus 2024 for case_013.txt
2025-06-25 10:35:34,344 - INFO - Extracted case year from nomor_perkara and set as tahun_putusan: 2024 for case_013.txt
2025-06-25 10:35:34,345 - INFO - Extracted date: 24 May 2023 (Year: 2024, Month: May, Day: 24) for case_013.txt
2025-06-25 10:35:34,346 - INFO - Set jenis_perkara to 'Pidana Khusus Korupsi' for case_013.txt
2025-06-25 10:35:34,347 - INFO - Set tingkat_pemeriksaan to 'Peninjauan Kembali' for case_013.txt
2025-06-25 10:35:34,347 - INFO - Set lembaga_peradilan to 'Mahkamah Agung' for case_013.txt
2025-06-25 10:35:34,348 - INFO - Extracted fallback pasal: pasal 2 ayat 1 for case_013.txt
2025-06-25 10:35:34,349 - INFO - Extracted hakim_ketua: dr halaman12dari13halaman putusan nomor1910 pk pid sus 2024agustinus purnomo hadi s h m h hakimad hoctindak pidana korupsipada mahkamah agung danyohanes priyana s h m h hakim agung sebagaihakim hakim anggota putusan tersebut diucapkan dalam sidang terbuka untukumum pada hari for case_013.txt
2025-06-25 10:35:34,351 - INFO - Extracted ringkasan_fakta using pattern 1 for case_013.txt: terpidana b di dalam putusanjudex jurisyang telah berkekuatan hukum tetap tidakterdapat pertentangan satu dengan yang lain adapun perbedaanpemidanaan di antara pelaku yang satu dengan pelaku lainnya d
2025-06-25 10:35:34,352 - INFO - Extracted jumlah_kata_putusan: 2932 for case_013.txt
2025-06-25 10:35:34,353 - INFO - Completed metadata extraction for case_013.txt
2025-06-25 10:35:34,353 - INFO - Processed text file: case_013.txt
2025-06-25 10:35:34,354 - INFO - Extracted nomor_perkara from 'penetapan/putusan nomor pdt p' pattern: 25 pdt p 2025 for case_014.txt
2025-06-25 10:35:34,355 - INFO - Extracted case year from nomor_perkara and set as tahun_putusan: 2025 for case_014.txt
2025-06-25 10:35:34,356 - INFO - Extracted date: 18 June 2025 (Year: 2025, Month: June, Day: 18) for case_014.txt
2025-06-25 10:35:34,357 - INFO - Set jenis_perkara to 'Perdata' for case_014.txt
2025-06-25 10:35:34,357 - INFO - Set tingkat_pemeriksaan to 'Pertama' for case_014.txt
2025-06-25 10:35:34,358 - INFO - Set lembaga_peradilan to 'Pengadilan Negeri' for case_014.txt
2025-06-25 10:35:34,359 - INFO - Extracted fallback pasal: pasal 271 for case_014.txt
2025-06-25 10:35:34,360 - WARNING - No hakim_ketua found in case_014.txt
2025-06-25 10:35:34,360 - INFO - Extracted ringkasan_fakta using pattern 1 for case_014.txt: perkaraperdata permohonan telah memberikan penetapan sebagai berikut dalampermohonan yang diajukan oleh rimson sinaga pekerjaan swasta alamat upahoda desa hutatinggikecamatan pangururan kabupaten samo
2025-06-25 10:35:34,361 - INFO - Extracted jumlah_kata_putusan: 741 for case_014.txt
2025-06-25 10:35:34,362 - INFO - Completed metadata extraction for case_014.txt
2025-06-25 10:35:34,362 - INFO - Processed text file: case_014.txt
2025-06-25 10:35:34,364 - INFO - Extracted nomor_perkara from 'penetapan/putusan nomor pdt' pattern: 429 pdt 2025 for case_015.txt
2025-06-25 10:35:34,365 - INFO - Extracted case year from nomor_perkara and set as tahun_putusan: 2025 for case_015.txt
2025-06-25 10:35:34,366 - INFO - Extracted date: 5 August 2024 (Year: 2025, Month: August, Day: 5) for case_015.txt
2025-06-25 10:35:34,367 - INFO - Set jenis_perkara to 'Perdata' for case_015.txt
2025-06-25 10:35:34,367 - INFO - Set tingkat_pemeriksaan to 'Banding' for case_015.txt
2025-06-25 10:35:34,368 - INFO - Set lembaga_peradilan to 'Mahkamah Agung' for case_015.txt
2025-06-25 10:35:34,369 - INFO - Extracted fallback pasal: pasal 6 for case_015.txt
2025-06-25 10:35:34,371 - WARNING - No hakim_ketua found in case_015.txt
2025-06-25 10:35:34,372 - INFO - Extracted ringkasan_fakta using pattern 1 for case_015.txt: perkara perdata padatingkat banding telah menjatuhkan putusan seperti tersebut di bawah ini dalamperkara antara 1 muhaji laki laki alamat di dusun gading watu rt 02 rw 05 desa gadingwatu kecamatan men
2025-06-25 10:35:34,373 - INFO - Extracted jumlah_kata_putusan: 1577 for case_015.txt
2025-06-25 10:35:34,374 - INFO - Completed metadata extraction for case_015.txt
2025-06-25 10:35:34,374 - INFO - Processed text file: case_015.txt
2025-06-25 10:35:34,376 - INFO - Extracted nomor_perkara from 'penetapan/putusan nomor pid sus' pattern: 4824k pid sus 2024 for case_016.txt
2025-06-25 10:35:34,376 - INFO - Extracted case year from nomor_perkara and set as tahun_putusan: 2024 for case_016.txt
2025-06-25 10:35:34,377 - INFO - Extracted date: 13 October 2023 (Year: 2024, Month: October, Day: 13) for case_016.txt
2025-06-25 10:35:34,377 - INFO - Set jenis_perkara to 'Pidana Khusus Korupsi' for case_016.txt
2025-06-25 10:35:34,379 - INFO - Set tingkat_pemeriksaan to 'Kasasi' for case_016.txt
2025-06-25 10:35:34,380 - INFO - Set lembaga_peradilan to 'Mahkamah Agung' for case_016.txt
2025-06-25 10:35:34,381 - INFO - Extracted fallback pasal: pasal 18 for case_016.txt
2025-06-25 10:35:34,382 - INFO - Extracted hakim_ketua: h arizon mega jaya s h m h hakimad hoctindak pidana korupsi pada mahkamah agung dannoor edi yono s h m h hakim agungsebagai hakim hakim anggota putusan tersebutdiucapkan dalam sidang terbuka untuk umum pada hari for case_016.txt
2025-06-25 10:35:34,383 - INFO - Extracted ringkasan_fakta using pattern 1 for case_016.txt: menolak permohonan kasasi dari pemohon kasasi penuntut umumpada kejaksaan negeri surabayatersebut membebankan kepadaparaterdakwa untuk membayar biaya perkarapada tingkat kasasimasing masingsebesar rp2
2025-06-25 10:35:34,384 - INFO - Extracted jumlah_kata_putusan: 3982 for case_016.txt
2025-06-25 10:35:34,385 - INFO - Completed metadata extraction for case_016.txt
2025-06-25 10:35:34,385 - INFO - Processed text file: case_016.txt
2025-06-25 10:35:34,388 - INFO - Extracted nomor_perkara from 'penetapan/putusan nomor pid sus' pattern: 4832k pid sus 2024 for case_017.txt
2025-06-25 10:35:34,389 - INFO - Extracted case year from nomor_perkara and set as tahun_putusan: 2024 for case_017.txt
2025-06-25 10:35:34,389 - WARNING - Extracted year 2017 differs significantly from case year 2024 in case_017.txt. Using case year 2024.
2025-06-25 10:35:34,390 - WARNING - Extracted year 2017 differs significantly from case year 2024 in case_017.txt. Using case year 2024.
2025-06-25 10:35:34,391 - WARNING - Extracted year 2017 differs significantly from case year 2024 in case_017.txt. Using case year 2024.
2025-06-25 10:35:34,392 - WARNING - Extracted year 2018 differs significantly from case year 2024 in case_017.txt. Using case year 2024.
2025-06-25 10:35:34,392 - WARNING - Extracted year 2018 differs significantly from case year 2024 in case_017.txt. Using case year 2024.
2025-06-25 10:35:34,393 - WARNING - Extracted year 2017 differs significantly from case year 2024 in case_017.txt. Using case year 2024.
2025-06-25 10:35:34,393 - WARNING - Extracted year 2018 differs significantly from case year 2024 in case_017.txt. Using case year 2024.
2025-06-25 10:35:34,394 - WARNING - Extracted year 2018 differs significantly from case year 2024 in case_017.txt. Using case year 2024.
2025-06-25 10:35:34,395 - WARNING - Extracted year 2017 differs significantly from case year 2024 in case_017.txt. Using case year 2024.
2025-06-25 10:35:34,397 - WARNING - Extracted year 2017 differs significantly from case year 2024 in case_017.txt. Using case year 2024.
2025-06-25 10:35:34,397 - WARNING - Extracted year 2017 differs significantly from case year 2024 in case_017.txt. Using case year 2024.
2025-06-25 10:35:34,398 - WARNING - Extracted year 2017 differs significantly from case year 2024 in case_017.txt. Using case year 2024.
2025-06-25 10:35:34,399 - WARNING - Extracted year 2017 differs significantly from case year 2024 in case_017.txt. Using case year 2024.
2025-06-25 10:35:34,399 - WARNING - Extracted year 2017 differs significantly from case year 2024 in case_017.txt. Using case year 2024.
2025-06-25 10:35:34,401 - WARNING - Extracted year 2017 differs significantly from case year 2024 in case_017.txt. Using case year 2024.
2025-06-25 10:35:34,401 - WARNING - Extracted year 2018 differs significantly from case year 2024 in case_017.txt. Using case year 2024.
2025-06-25 10:35:34,403 - WARNING - Extracted year 2018 differs significantly from case year 2024 in case_017.txt. Using case year 2024.
2025-06-25 10:35:34,403 - WARNING - Extracted year 2018 differs significantly from case year 2024 in case_017.txt. Using case year 2024.
2025-06-25 10:35:34,404 - WARNING - Extracted year 2018 differs significantly from case year 2024 in case_017.txt. Using case year 2024.
2025-06-25 10:35:34,405 - WARNING - Extracted year 2018 differs significantly from case year 2024 in case_017.txt. Using case year 2024.
2025-06-25 10:35:34,405 - WARNING - Extracted year 2018 differs significantly from case year 2024 in case_017.txt. Using case year 2024.
2025-06-25 10:35:34,406 - WARNING - Extracted year 2018 differs significantly from case year 2024 in case_017.txt. Using case year 2024.
2025-06-25 10:35:34,407 - WARNING - Extracted year 2018 differs significantly from case year 2024 in case_017.txt. Using case year 2024.
2025-06-25 10:35:34,408 - WARNING - Extracted year 2018 differs significantly from case year 2024 in case_017.txt. Using case year 2024.
2025-06-25 10:35:34,408 - WARNING - Extracted year 2018 differs significantly from case year 2024 in case_017.txt. Using case year 2024.
2025-06-25 10:35:34,409 - WARNING - Extracted year 2018 differs significantly from case year 2024 in case_017.txt. Using case year 2024.
2025-06-25 10:35:34,410 - WARNING - Extracted year 2018 differs significantly from case year 2024 in case_017.txt. Using case year 2024.
2025-06-25 10:35:34,411 - WARNING - Extracted year 2018 differs significantly from case year 2024 in case_017.txt. Using case year 2024.
2025-06-25 10:35:34,412 - WARNING - Extracted year 2018 differs significantly from case year 2024 in case_017.txt. Using case year 2024.
2025-06-25 10:35:34,413 - WARNING - Extracted year 2018 differs significantly from case year 2024 in case_017.txt. Using case year 2024.
2025-06-25 10:35:34,414 - WARNING - Extracted year 2018 differs significantly from case year 2024 in case_017.txt. Using case year 2024.
2025-06-25 10:35:34,415 - WARNING - Extracted year 2018 differs significantly from case year 2024 in case_017.txt. Using case year 2024.
2025-06-25 10:35:34,415 - WARNING - Extracted year 2018 differs significantly from case year 2024 in case_017.txt. Using case year 2024.
2025-06-25 10:35:34,416 - WARNING - Extracted year 2018 differs significantly from case year 2024 in case_017.txt. Using case year 2024.
2025-06-25 10:35:34,417 - WARNING - Extracted year 2018 differs significantly from case year 2024 in case_017.txt. Using case year 2024.
2025-06-25 10:35:34,418 - WARNING - Extracted year 2018 differs significantly from case year 2024 in case_017.txt. Using case year 2024.
2025-06-25 10:35:34,419 - WARNING - Extracted year 2017 differs significantly from case year 2024 in case_017.txt. Using case year 2024.
2025-06-25 10:35:34,419 - INFO - Extracted date: 31 October 2023 (Year: 2024, Month: October, Day: 31) for case_017.txt
2025-06-25 10:35:34,420 - INFO - Set jenis_perkara to 'Pidana Khusus Korupsi' for case_017.txt
2025-06-25 10:35:34,421 - INFO - Set tingkat_pemeriksaan to 'Kasasi' for case_017.txt
2025-06-25 10:35:34,422 - INFO - Set lembaga_peradilan to 'Mahkamah Agung' for case_017.txt
2025-06-25 10:35:34,423 - INFO - Extracted fallback pasal: pasal 2 for case_017.txt
2025-06-25 10:35:34,424 - WARNING - No hakim_ketua found in case_017.txt
2025-06-25 10:35:34,425 - INFO - Extracted ringkasan_fakta using pattern 1 for case_017.txt: terdakwa dalam perkaraa quosesuai hukum acara pidanayang berlaku serta tidak melampauikewenangannya bahwa pertimbanganjudex factipengadilan tingkat banding mengambilalih dan memperbaiki lamanya pidana
2025-06-25 10:35:34,427 - INFO - Extracted jumlah_kata_putusan: 10618 for case_017.txt
2025-06-25 10:35:34,427 - INFO - Completed metadata extraction for case_017.txt
2025-06-25 10:35:34,428 - INFO - Processed text file: case_017.txt
2025-06-25 10:35:34,431 - INFO - Extracted nomor_perkara from fallback 'nomor' pattern: 4850 k pid sus 2024 for case_018.txt
2025-06-25 10:35:34,433 - INFO - Extracted case year from nomor_perkara and set as tahun_putusan: 2024 for case_018.txt
2025-06-25 10:35:34,434 - INFO - Extracted date: 20 December 2022 (Year: 2024, Month: December, Day: 20) for case_018.txt
2025-06-25 10:35:34,435 - INFO - Set jenis_perkara to 'Pidana Khusus Korupsi' for case_018.txt
2025-06-25 10:35:34,436 - INFO - Set tingkat_pemeriksaan to 'Kasasi' for case_018.txt
2025-06-25 10:35:34,436 - INFO - Set lembaga_peradilan to 'Mahkamah Agung' for case_018.txt
2025-06-25 10:35:34,438 - INFO - Extracted fallback pasal: pasal 2 ayat 1 for case_018.txt
2025-06-25 10:35:34,438 - INFO - Extracted hakim_ketua: dr agustinus purnomo hadis h m h hakimad hoctindak pidanakorupsi pada mahkamah agungdanyohanes priyana s h m h hakimagungsebagaihakim hakimanggota putusan tersebutdiucapkan dalamsidang terbuka untuk umum pada hari for case_018.txt
2025-06-25 10:35:34,439 - INFO - Extracted ringkasan_fakta using pattern 1 for case_018.txt: sendiri perkaraa quodengan amar sebagaimana tersebut dibawah ini
2025-06-25 10:35:34,440 - INFO - Extracted jumlah_kata_putusan: 3741 for case_018.txt
2025-06-25 10:35:34,440 - INFO - Completed metadata extraction for case_018.txt
2025-06-25 10:35:34,441 - INFO - Processed text file: case_018.txt
2025-06-25 10:35:34,445 - INFO - Extracted nomor_perkara from 'penetapan/putusan nomor pid sus' pattern: 4863k pid sus 2024 for case_019.txt
2025-06-25 10:35:34,446 - INFO - Extracted case year from nomor_perkara and set as tahun_putusan: 2024 for case_019.txt
2025-06-25 10:35:34,447 - INFO - Extracted date: 30 March 2023 (Year: 2024, Month: March, Day: 30) for case_019.txt
2025-06-25 10:35:34,447 - INFO - Set jenis_perkara to 'Pidana Khusus Korupsi' for case_019.txt
2025-06-25 10:35:34,448 - INFO - Set tingkat_pemeriksaan to 'Kasasi' for case_019.txt
2025-06-25 10:35:34,449 - INFO - Set lembaga_peradilan to 'Mahkamah Agung' for case_019.txt
2025-06-25 10:35:34,451 - INFO - Extracted fallback pasal: pasal 2 for case_019.txt
2025-06-25 10:35:34,452 - WARNING - No hakim_ketua found in case_019.txt
2025-06-25 10:35:34,454 - INFO - Extracted ringkasan_fakta using pattern 1 for case_019.txt: terdakwa dalam perkaraa quosesuai hukum acara pidana yang berlaku serta tidak melampauikewenangannya bahwa berdasarkan fakta yang terungkap di persidangan terdakwaarirosandhiadalah kepala sub bidang a
2025-06-25 10:35:34,455 - INFO - Extracted jumlah_kata_putusan: 9963 for case_019.txt
2025-06-25 10:35:34,456 - INFO - Completed metadata extraction for case_019.txt
2025-06-25 10:35:34,456 - INFO - Processed text file: case_019.txt
2025-06-25 10:35:34,458 - INFO - Extracted nomor_perkara from 'penetapan/putusan nomor pid sus' pattern: 4917 k pid sus 2024 for case_020.txt
2025-06-25 10:35:34,459 - INFO - Extracted case year from nomor_perkara and set as tahun_putusan: 2024 for case_020.txt
2025-06-25 10:35:34,459 - INFO - Extracted date: 3 October 2023 (Year: 2024, Month: October, Day: 3) for case_020.txt
2025-06-25 10:35:34,460 - INFO - Set jenis_perkara to 'Pidana Khusus Korupsi' for case_020.txt
2025-06-25 10:35:34,461 - INFO - Set tingkat_pemeriksaan to 'Kasasi' for case_020.txt
2025-06-25 10:35:34,461 - INFO - Set lembaga_peradilan to 'Mahkamah Agung' for case_020.txt
2025-06-25 10:35:34,462 - INFO - Extracted fallback pasal: pasal 2 for case_020.txt
2025-06-25 10:35:34,464 - WARNING - No hakim_ketua found in case_020.txt
2025-06-25 10:35:34,465 - INFO - Extracted ringkasan_fakta using pattern 1 for case_020.txt: tidak dilaksanakan menurut ketentuan undang undang dan halaman16dari17halaman putusan nomor 4917 k pid sus 2024apakah pengadilan telah melampaui batas wewenangnya sebagaimanayang dimaksud dalam pasal 
2025-06-25 10:35:34,466 - INFO - Extracted jumlah_kata_putusan: 3628 for case_020.txt
2025-06-25 10:35:34,467 - INFO - Completed metadata extraction for case_020.txt
2025-06-25 10:35:34,468 - INFO - Processed text file: case_020.txt
2025-06-25 10:35:34,470 - INFO - Extracted nomor_perkara from 'penetapan/putusan nomor pid sus' pattern: 4928k pid sus 2024 for case_021.txt
2025-06-25 10:35:34,471 - INFO - Extracted case year from nomor_perkara and set as tahun_putusan: 2024 for case_021.txt
2025-06-25 10:35:34,471 - INFO - Extracted date: 2 December 2023 (Year: 2024, Month: December, Day: 2) for case_021.txt
2025-06-25 10:35:34,472 - INFO - Set jenis_perkara to 'Pidana Khusus Korupsi' for case_021.txt
2025-06-25 10:35:34,473 - INFO - Set tingkat_pemeriksaan to 'Kasasi' for case_021.txt
2025-06-25 10:35:34,473 - INFO - Set lembaga_peradilan to 'Mahkamah Agung' for case_021.txt
2025-06-25 10:35:34,474 - INFO - Extracted fallback pasal: pasal 2 for case_021.txt
2025-06-25 10:35:34,475 - WARNING - No hakim_ketua found in case_021.txt
2025-06-25 10:35:34,476 - INFO - Extracted ringkasan_fakta using pattern 1 for case_021.txt: terdakwadalam perkaraa quosesuai hukum acara pidana yang berlaku serta tidakmelampaui kewenangannya bahwa pertimbanganjudex factipengadilan tingkat banding mengambil alihdan menguatkan pertimbanganjud
2025-06-25 10:35:34,476 - INFO - Extracted jumlah_kata_putusan: 3091 for case_021.txt
2025-06-25 10:35:34,477 - INFO - Completed metadata extraction for case_021.txt
2025-06-25 10:35:34,479 - INFO - Processed text file: case_021.txt
2025-06-25 10:35:34,492 - INFO - Extracted nomor_perkara from 'penetapan/putusan nomor pid sus' pattern: 4930k pid sus 2024 for case_022.txt
2025-06-25 10:35:34,493 - INFO - Extracted case year from nomor_perkara and set as tahun_putusan: 2024 for case_022.txt
2025-06-25 10:35:34,494 - INFO - Extracted date: 9 March 2020 (Year: 2024, Month: March, Day: 9) for case_022.txt
2025-06-25 10:35:34,496 - INFO - Set jenis_perkara to 'Pidana Khusus Korupsi' for case_022.txt
2025-06-25 10:35:34,497 - INFO - Set tingkat_pemeriksaan to 'Kasasi' for case_022.txt
2025-06-25 10:35:34,498 - INFO - Set lembaga_peradilan to 'Mahkamah Agung' for case_022.txt
2025-06-25 10:35:34,504 - INFO - Extracted fallback pasal: pasal 18 for case_022.txt
2025-06-25 10:35:34,508 - INFO - Extracted hakim_ketua: h arizon mega jaya s h m h hakimad hoctindak pidana korupsipada mahkamah agung danjupriyadi s h m hum hakim agungsebagai hakim hakim anggota putusan tersebut diucapkan dalam sidangterbuka untuk umum pada hari for case_022.txt
2025-06-25 10:35:34,513 - INFO - Extracted ringkasan_fakta using pattern 1 for case_022.txt: telah sesuaidengan ketentuan undang undang serta tidak melampauiwewenangnya 2 bahwa alasan kasasi penuntut umum padapokoknya adalahjudexfactitelah salah dalam menerapkan hukum dengan menyatakanterdakw
2025-06-25 10:35:34,517 - INFO - Extracted jumlah_kata_putusan: 68276 for case_022.txt
2025-06-25 10:35:34,518 - INFO - Completed metadata extraction for case_022.txt
2025-06-25 10:35:34,519 - INFO - Processed text file: case_022.txt
2025-06-25 10:35:34,523 - INFO - Extracted nomor_perkara from 'penetapan/putusan nomor pid sus' pattern: 4966k pid sus 2024 for case_023.txt
2025-06-25 10:35:34,524 - INFO - Extracted case year from nomor_perkara and set as tahun_putusan: 2024 for case_023.txt
2025-06-25 10:35:34,524 - INFO - Extracted date: 26 December 2019 (Year: 2024, Month: December, Day: 26) for case_023.txt
2025-06-25 10:35:34,525 - INFO - Set jenis_perkara to 'Pidana Khusus Korupsi' for case_023.txt
2025-06-25 10:35:34,526 - INFO - Set tingkat_pemeriksaan to 'Kasasi' for case_023.txt
2025-06-25 10:35:34,527 - INFO - Set lembaga_peradilan to 'Mahkamah Agung' for case_023.txt
2025-06-25 10:35:34,528 - INFO - Extracted fallback pasal: pasal 2 ayat 1 for case_023.txt
2025-06-25 10:35:34,530 - INFO - Extracted hakim_ketua: ansori s h m h hakimad hoctindak pidanakorupsipada mahkamah agung dandr prim haryadi s h m h hakimagungsebagai hakim hakim anggota putusan tersebut diucapkan dalamsidang terbuka untuk umum padahari for case_023.txt
2025-06-25 10:35:34,532 - INFO - Extracted ringkasan_fakta using pattern 1 for case_023.txt: menolak permohonan kasasi daripemohon kasasii penuntutumum pada kejaksaan negeritanjungpinangdanpemohonkasasi ii terdakwatri wahyu widaditersebut memperbaikiputusan pengadilantindak pidana korupsi pad
2025-06-25 10:35:34,533 - INFO - Extracted jumlah_kata_putusan: 9449 for case_023.txt
2025-06-25 10:35:34,534 - INFO - Completed metadata extraction for case_023.txt
2025-06-25 10:35:34,534 - INFO - Processed text file: case_023.txt
2025-06-25 10:35:34,538 - INFO - Extracted nomor_perkara from 'penetapan/putusan nomor pid sus' pattern: 4979 k pid sus 2024 for case_024.txt
2025-06-25 10:35:34,539 - INFO - Extracted case year from nomor_perkara and set as tahun_putusan: 2024 for case_024.txt
2025-06-25 10:35:34,539 - INFO - Extracted date: 11 December 2023 (Year: 2024, Month: December, Day: 11) for case_024.txt
2025-06-25 10:35:34,540 - INFO - Set jenis_perkara to 'Pidana Khusus Korupsi' for case_024.txt
2025-06-25 10:35:34,541 - INFO - Set tingkat_pemeriksaan to 'Kasasi' for case_024.txt
2025-06-25 10:35:34,542 - INFO - Set lembaga_peradilan to 'Mahkamah Agung' for case_024.txt
2025-06-25 10:35:34,542 - INFO - Extracted pasal: pasal 2 ayat 1, Undang-Undang Nomor 31 tahun 1999 for case_024.txt
2025-06-25 10:35:34,544 - INFO - Extracted hakim_ketua: dr sinintha yuliansih sibarani s h m h hakim ad hoc tindak pidana korupsi pada mahkamah agung for case_024.txt
2025-06-25 10:35:34,546 - INFO - Extracted ringkasan_fakta using pattern 1 for case_024.txt: tidak dilaksanakan menurut undang undang dan telah melampaui batas kewenangannya bahwa alasan kasasi terdakwa tersebut tidak dapat dibenarkan karena putusan judex facti pengadilan tinggi yang menguatk
2025-06-25 10:35:34,548 - INFO - Extracted jumlah_kata_putusan: 13057 for case_024.txt
2025-06-25 10:35:34,549 - INFO - Completed metadata extraction for case_024.txt
2025-06-25 10:35:34,549 - INFO - Processed text file: case_024.txt
2025-06-25 10:35:34,551 - INFO - Extracted nomor_perkara from 'penetapan/putusan nomor pid sus' pattern: 4981 k pid sus 2024 for case_025.txt
2025-06-25 10:35:34,552 - INFO - Extracted case year from nomor_perkara and set as tahun_putusan: 2024 for case_025.txt
2025-06-25 10:35:34,553 - INFO - Extracted date: 24 November 2023 (Year: 2024, Month: November, Day: 24) for case_025.txt
2025-06-25 10:35:34,554 - INFO - Set jenis_perkara to 'Pidana Khusus Korupsi' for case_025.txt
2025-06-25 10:35:34,555 - INFO - Set tingkat_pemeriksaan to 'Kasasi' for case_025.txt
2025-06-25 10:35:34,555 - INFO - Set lembaga_peradilan to 'Mahkamah Agung' for case_025.txt
2025-06-25 10:35:34,556 - INFO - Extracted fallback pasal: pasal 2 ayat 1 for case_025.txt
2025-06-25 10:35:34,557 - WARNING - No hakim_ketua found in case_025.txt
2025-06-25 10:35:34,558 - INFO - Extracted ringkasan_fakta using pattern 1 for case_025.txt: sendiriperkara ini dengan amar putusan sebagaimana yang akan disebutkan dibawah ini
2025-06-25 10:35:34,559 - INFO - Extracted jumlah_kata_putusan: 6359 for case_025.txt
2025-06-25 10:35:34,559 - INFO - Completed metadata extraction for case_025.txt
2025-06-25 10:35:34,560 - INFO - Processed text file: case_025.txt
2025-06-25 10:35:34,565 - INFO - Extracted nomor_perkara from 'penetapan/putusan nomor pid sus' pattern: 5003 k pid sus 2023 for case_026.txt
2025-06-25 10:35:34,602 - INFO - Extracted case year from nomor_perkara and set as tahun_putusan: 2023 for case_026.txt
2025-06-25 10:35:34,607 - INFO - Extracted date: 24 February 2022 (Year: 2023, Month: February, Day: 24) for case_026.txt
2025-06-25 10:35:34,609 - INFO - Set jenis_perkara to 'Pidana Khusus Korupsi' for case_026.txt
2025-06-25 10:35:34,610 - INFO - Set tingkat_pemeriksaan to 'Kasasi' for case_026.txt
2025-06-25 10:35:34,612 - INFO - Set lembaga_peradilan to 'Mahkamah Agung' for case_026.txt
2025-06-25 10:35:34,619 - INFO - Extracted fallback pasal: pasal 2 ayat 1 for case_026.txt
2025-06-25 10:35:34,621 - INFO - Extracted hakim_ketua: dr sinintha yuliansih sibarani s h m h hakimad hoctindak pidana korupsi pada mahkamah agungdanyohanespriyana s h m h hakim agung pada mahkamah agung sebagai hakim hakim anggota putusan tersebut diucapkan dalam sidang terbuka untukumum pada hari for case_026.txt
2025-06-25 10:35:34,665 - INFO - Extracted ringkasan_fakta using pattern 1 for case_026.txt: sendiriperkara ini dengan amar putusan sebagaimana yang akan disebutkan dibawah ini
2025-06-25 10:35:34,668 - INFO - Extracted jumlah_kata_putusan: 8405 for case_026.txt
2025-06-25 10:35:34,669 - INFO - Completed metadata extraction for case_026.txt
2025-06-25 10:35:34,670 - INFO - Processed text file: case_026.txt
2025-06-25 10:35:34,673 - INFO - Extracted nomor_perkara from 'penetapan/putusan nomor pid sus' pattern: 5347 k pid sus 2024 for case_027.txt
2025-06-25 10:35:34,674 - INFO - Extracted case year from nomor_perkara and set as tahun_putusan: 2024 for case_027.txt
2025-06-25 10:35:34,675 - INFO - Extracted date: 8 January 2024 (Year: 2024, Month: January, Day: 8) for case_027.txt
2025-06-25 10:35:34,676 - INFO - Set jenis_perkara to 'Pidana Khusus Korupsi' for case_027.txt
2025-06-25 10:35:34,677 - INFO - Set tingkat_pemeriksaan to 'Kasasi' for case_027.txt
2025-06-25 10:35:34,677 - INFO - Set lembaga_peradilan to 'Mahkamah Agung' for case_027.txt
2025-06-25 10:35:34,679 - INFO - Extracted pasal: pasal 2 ayat 1, Undang-Undang Nomor 31 tahun 1999 for case_027.txt
2025-06-25 10:35:34,682 - INFO - Extracted hakim_ketua: h arizon mega jaya s h m h hakim ad hoc tindak pidana korupsi pada mahkamah agung for case_027.txt
2025-06-25 10:35:34,684 - INFO - Extracted ringkasan_fakta using pattern 1 for case_027.txt: sudah dilaksanakan sesuai dengan ketentuan undang undang bahwa judex facti juga telah mempertimbangkan dengan cukup voeldoende gemotiverd terhadap fakta fakta yang relevan serta semua keadaan yang mel
2025-06-25 10:35:34,686 - INFO - Extracted jumlah_kata_putusan: 6695 for case_027.txt
2025-06-25 10:35:34,686 - INFO - Completed metadata extraction for case_027.txt
2025-06-25 10:35:34,687 - INFO - Processed text file: case_027.txt
2025-06-25 10:35:34,690 - INFO - Extracted nomor_perkara from 'penetapan/putusan nomor pid sus' pattern: 5520 k pid sus 2024 for case_028.txt
2025-06-25 10:35:34,691 - INFO - Extracted case year from nomor_perkara and set as tahun_putusan: 2024 for case_028.txt
2025-06-25 10:35:34,692 - INFO - Extracted date: 18 July 2023 (Year: 2024, Month: July, Day: 18) for case_028.txt
2025-06-25 10:35:34,693 - INFO - Set jenis_perkara to 'Pidana Khusus Korupsi' for case_028.txt
2025-06-25 10:35:34,694 - INFO - Set tingkat_pemeriksaan to 'Kasasi' for case_028.txt
2025-06-25 10:35:34,695 - INFO - Set lembaga_peradilan to 'Mahkamah Agung' for case_028.txt
2025-06-25 10:35:34,697 - INFO - Extracted pasal: pasal 2 ayat 1, Undang-Undang Nomor 31 tahun 1999 for case_028.txt
2025-06-25 10:35:34,699 - INFO - Extracted hakim_ketua: ansori s h m h for case_028.txt
2025-06-25 10:35:34,701 - INFO - Extracted ringkasan_fakta using pattern 1 for case_028.txt: menyatakan tidak dapat diterima permohonan kasasi pemohon kasasi ii penuntut umum pada cabang kejaksaan negeri flores timur di waiwerang tersebut menolak permohonan kasasi dari pemohon kasasi i terdak
2025-06-25 10:35:34,703 - INFO - Extracted jumlah_kata_putusan: 6896 for case_028.txt
2025-06-25 10:35:34,704 - INFO - Completed metadata extraction for case_028.txt
2025-06-25 10:35:34,705 - INFO - Processed text file: case_028.txt
2025-06-25 10:35:34,707 - INFO - Extracted nomor_perkara from 'penetapan/putusan nomor pid sus' pattern: 5548 k pid sus 2024 for case_029.txt
2025-06-25 10:35:34,709 - INFO - Extracted case year from nomor_perkara and set as tahun_putusan: 2024 for case_029.txt
2025-06-25 10:35:34,709 - INFO - Extracted date: 22 November 2023 (Year: 2024, Month: November, Day: 22) for case_029.txt
2025-06-25 10:35:34,710 - INFO - Set jenis_perkara to 'Pidana Khusus Korupsi' for case_029.txt
2025-06-25 10:35:34,711 - INFO - Set tingkat_pemeriksaan to 'Kasasi' for case_029.txt
2025-06-25 10:35:34,716 - INFO - Set lembaga_peradilan to 'Mahkamah Agung' for case_029.txt
2025-06-25 10:35:34,718 - INFO - Extracted fallback pasal: pasal 2 ayat 1 for case_029.txt
2025-06-25 10:35:34,720 - INFO - Extracted hakim_ketua: dr agustinus purnomo hadi s h m h hakim ad hoc dari 22 halaman putusan nomor 5548 k pid sus 2024 tindak pidana korupsi pada mahkamah agung for case_029.txt
2025-06-25 10:35:34,721 - INFO - Extracted ringkasan_fakta using pattern 1 for case_029.txt: tidak dilaksanakan menurut ketentuan undang undang dan apakah pengadilan telah melampaui batas wewenangnya sebagaimana dimaksud dalam pasal 253 ayat 1 kuhap
2025-06-25 10:35:34,727 - INFO - Extracted jumlah_kata_putusan: 5556 for case_029.txt
2025-06-25 10:35:34,734 - INFO - Completed metadata extraction for case_029.txt
2025-06-25 10:35:34,736 - INFO - Processed text file: case_029.txt
2025-06-25 10:35:34,741 - INFO - Extracted nomor_perkara from 'penetapan/putusan nomor pid sus' pattern: 5553 k pid sus 2024 for case_030.txt
2025-06-25 10:35:34,742 - INFO - Extracted case year from nomor_perkara and set as tahun_putusan: 2024 for case_030.txt
2025-06-25 10:35:34,742 - INFO - Extracted date: 9 November 2023 (Year: 2024, Month: November, Day: 9) for case_030.txt
2025-06-25 10:35:34,743 - INFO - Set jenis_perkara to 'Pidana Khusus Korupsi' for case_030.txt
2025-06-25 10:35:34,744 - INFO - Set tingkat_pemeriksaan to 'Kasasi' for case_030.txt
2025-06-25 10:35:34,745 - INFO - Set lembaga_peradilan to 'Mahkamah Agung' for case_030.txt
2025-06-25 10:35:34,746 - INFO - Extracted pasal: pasal 2 ayat 1, Undang-Undang Nomor 31 tahun 1999 for case_030.txt
2025-06-25 10:35:34,748 - INFO - Extracted hakim_ketua: dr agustinus purnomo hadi s h m h hakim ad hoc tindak pidana korupsi pada mahkamah agung for case_030.txt
2025-06-25 10:35:34,750 - INFO - Extracted ringkasan_fakta using pattern 1 for case_030.txt: terdakwa dalam perkara a quo sesuai hukum acara pidana yang berlaku serta tidak melampaui kewenangannya bahwa putusan judex facti telah mempertimbangkan dengan tepat dan benar sesuai fakta hukum yang 
2025-06-25 10:35:34,753 - INFO - Extracted jumlah_kata_putusan: 6118 for case_030.txt
2025-06-25 10:35:34,754 - INFO - Completed metadata extraction for case_030.txt
2025-06-25 10:35:34,755 - INFO - Processed text file: case_030.txt
2025-06-25 10:35:34,757 - INFO - Extracted nomor_perkara from fallback 'nomor' pattern: 5561k pid sus 2024 for case_031.txt
2025-06-25 10:35:34,757 - INFO - Extracted case year from nomor_perkara and set as tahun_putusan: 2024 for case_031.txt
2025-06-25 10:35:34,758 - WARNING - Extracted year 2017 differs significantly from case year 2024 in case_031.txt. Using case year 2024.
2025-06-25 10:35:34,759 - WARNING - Extracted year 2013 differs significantly from case year 2024 in case_031.txt. Using case year 2024.
2025-06-25 10:35:34,760 - WARNING - Extracted year 2014 differs significantly from case year 2024 in case_031.txt. Using case year 2024.
2025-06-25 10:35:34,761 - WARNING - Extracted year 2014 differs significantly from case year 2024 in case_031.txt. Using case year 2024.
2025-06-25 10:35:34,761 - INFO - Extracted date: 31 January 2024 (Year: 2024, Month: January, Day: 31) for case_031.txt
2025-06-25 10:35:34,764 - INFO - Set jenis_perkara to 'Pidana Khusus Korupsi' for case_031.txt
2025-06-25 10:35:34,766 - INFO - Set tingkat_pemeriksaan to 'Kasasi' for case_031.txt
2025-06-25 10:35:34,769 - INFO - Set lembaga_peradilan to 'Mahkamah Agung' for case_031.txt
2025-06-25 10:35:34,770 - INFO - Extracted fallback pasal: pasal 18 for case_031.txt
2025-06-25 10:35:34,771 - INFO - Extracted hakim_ketua: dr sinintha yuliansih sibarani s h m h hakimad hoctindak pidanakorupsi pada mahkamah agung dandr h achmad setyo pudjoharsoyo s h m hum hakim agung sebagai hakim hakimanggota putusantersebut diucapkan dalam sidang terbuka untuk umum pada hari for case_031.txt
2025-06-25 10:35:34,772 - INFO - Extracted ringkasan_fakta using pattern 1 for case_031.txt: menolak permohonan kasasi dari pemohon kasasi terdakwa azisesobinhabu esotersebut halaman14dari14halamanputusannomor5561k pid sus 2024 membebankan kepada terdakwa untuk membayar biaya perkara padating
2025-06-25 10:35:34,774 - INFO - Extracted jumlah_kata_putusan: 3136 for case_031.txt
2025-06-25 10:35:34,774 - INFO - Completed metadata extraction for case_031.txt
2025-06-25 10:35:34,775 - INFO - Processed text file: case_031.txt
2025-06-25 10:35:34,777 - INFO - Extracted nomor_perkara from 'penetapan/putusan nomor pid sus' pattern: 5563 k pid sus 2024 for case_032.txt
2025-06-25 10:35:34,777 - INFO - Extracted case year from nomor_perkara and set as tahun_putusan: 2024 for case_032.txt
2025-06-25 10:35:34,779 - INFO - Extracted date: 30 March 2023 (Year: 2024, Month: March, Day: 30) for case_032.txt
2025-06-25 10:35:34,781 - INFO - Set jenis_perkara to 'Pidana Khusus Korupsi' for case_032.txt
2025-06-25 10:35:34,783 - INFO - Set tingkat_pemeriksaan to 'Kasasi' for case_032.txt
2025-06-25 10:35:34,784 - INFO - Set lembaga_peradilan to 'Mahkamah Agung' for case_032.txt
2025-06-25 10:35:34,786 - INFO - Extracted pasal: pasal 2 ayat 1, Undang-Undang Nomor 31 tahun 1999 for case_032.txt
2025-06-25 10:35:34,787 - INFO - Extracted hakim_ketua: dr sinintha yuliansih sibarani s h m h hakim ad hoc tindak pidana korupsi pada mahkamah agung for case_032.txt
2025-06-25 10:35:34,790 - INFO - Extracted ringkasan_fakta using pattern 1 for case_032.txt: menolak permohonan kasasi dari pemohon kasasi ii penuntut umum pada kejaksaan negeri medan tersebut dari 20 halaman putusan nomor 5563 k pid sus 2024 menolak permohonan kasasi dari pemohon kasasi i te
2025-06-25 10:35:34,791 - INFO - Extracted jumlah_kata_putusan: 5626 for case_032.txt
2025-06-25 10:35:34,792 - INFO - Completed metadata extraction for case_032.txt
2025-06-25 10:35:34,793 - INFO - Processed text file: case_032.txt
2025-06-25 10:35:34,797 - INFO - Extracted nomor_perkara from fallback 'nomor' pattern: 5574k pid sus 2024 for case_033.txt
2025-06-25 10:35:34,799 - INFO - Extracted case year from nomor_perkara and set as tahun_putusan: 2024 for case_033.txt
2025-06-25 10:35:34,802 - WARNING - Extracted year 2014 differs significantly from case year 2024 in case_033.txt. Using case year 2024.
2025-06-25 10:35:34,804 - WARNING - Extracted year 2014 differs significantly from case year 2024 in case_033.txt. Using case year 2024.
2025-06-25 10:35:34,804 - WARNING - Extracted year 2014 differs significantly from case year 2024 in case_033.txt. Using case year 2024.
2025-06-25 10:35:34,806 - WARNING - Extracted year 2013 differs significantly from case year 2024 in case_033.txt. Using case year 2024.
2025-06-25 10:35:34,807 - WARNING - Extracted year 2013 differs significantly from case year 2024 in case_033.txt. Using case year 2024.
2025-06-25 10:35:34,808 - WARNING - Extracted year 2013 differs significantly from case year 2024 in case_033.txt. Using case year 2024.
2025-06-25 10:35:34,809 - WARNING - Extracted year 2014 differs significantly from case year 2024 in case_033.txt. Using case year 2024.
2025-06-25 10:35:34,809 - WARNING - Extracted year 2014 differs significantly from case year 2024 in case_033.txt. Using case year 2024.
2025-06-25 10:35:34,815 - WARNING - Extracted year 1961 differs significantly from case year 2024 in case_033.txt. Using case year 2024.
2025-06-25 10:35:34,818 - INFO - Extracted date: 22 May 2023 (Year: 2024, Month: May, Day: 22) for case_033.txt
2025-06-25 10:35:34,820 - INFO - Set jenis_perkara to 'Pidana Khusus Korupsi' for case_033.txt
2025-06-25 10:35:34,821 - INFO - Set tingkat_pemeriksaan to 'Kasasi' for case_033.txt
2025-06-25 10:35:34,823 - INFO - Set lembaga_peradilan to 'Mahkamah Agung' for case_033.txt
2025-06-25 10:35:34,825 - INFO - Extracted fallback pasal: pasal 2 ayat 1 for case_033.txt
2025-06-25 10:35:34,827 - WARNING - No hakim_ketua found in case_033.txt
2025-06-25 10:35:34,834 - INFO - Extracted ringkasan_fakta using pattern 1 for case_033.txt: tidak dilaksanakanmenurut ketentuan undang undang putusanjudex factijuga tidakmempertimbangkan fakta hukum yang relevan secara yuridis dengantepat danbenar bahwa sesuai fakta hukum yang terungkap di m
2025-06-25 10:35:34,840 - INFO - Extracted jumlah_kata_putusan: 6094 for case_033.txt
2025-06-25 10:35:34,843 - INFO - Completed metadata extraction for case_033.txt
2025-06-25 10:35:34,844 - INFO - Processed text file: case_033.txt
2025-06-25 10:35:34,847 - INFO - Extracted nomor_perkara from 'penetapan/putusan nomor pid sus' pattern: 5586 k pid sus 2024 for case_034.txt
2025-06-25 10:35:34,850 - INFO - Extracted case year from nomor_perkara and set as tahun_putusan: 2024 for case_034.txt
2025-06-25 10:35:34,852 - INFO - Extracted date: 28 November 2022 (Year: 2024, Month: November, Day: 28) for case_034.txt
2025-06-25 10:35:34,854 - INFO - Set jenis_perkara to 'Pidana Khusus Korupsi' for case_034.txt
2025-06-25 10:35:34,855 - INFO - Set tingkat_pemeriksaan to 'Kasasi' for case_034.txt
2025-06-25 10:35:34,856 - INFO - Set lembaga_peradilan to 'Mahkamah Agung' for case_034.txt
2025-06-25 10:35:34,857 - INFO - Extracted pasal: pasal 2 ayat 1, Undang-Undang Nomor 31 tahun 1999 for case_034.txt
2025-06-25 10:35:34,859 - INFO - Extracted hakim_ketua: dr agustinus purnomo hadi s h m h hakim ad hoc tindak pidana korupsi pada mahkamah agung for case_034.txt
2025-06-25 10:35:34,860 - INFO - Extracted ringkasan_fakta using pattern 1 for case_034.txt: telah dilaksanakan menurut ketentuan undang undang bahwa putusan judex facti juga telah mempertimbangkan fakta hukum yang relevan secara yuridis dengan tepat dan benar sesuai fakta hukum yang terungka
2025-06-25 10:35:34,863 - INFO - Extracted jumlah_kata_putusan: 3993 for case_034.txt
2025-06-25 10:35:34,866 - INFO - Completed metadata extraction for case_034.txt
2025-06-25 10:35:34,868 - INFO - Processed text file: case_034.txt
2025-06-25 10:35:34,871 - INFO - Extracted nomor_perkara from 'penetapan/putusan nomor pid sus' pattern: 5600 k pid sus 2024 for case_035.txt
2025-06-25 10:35:34,873 - INFO - Extracted case year from nomor_perkara and set as tahun_putusan: 2024 for case_035.txt
2025-06-25 10:35:34,874 - WARNING - Extracted year 2015 differs significantly from case year 2024 in case_035.txt. Using case year 2024.
2025-06-25 10:35:34,875 - WARNING - Extracted year 2015 differs significantly from case year 2024 in case_035.txt. Using case year 2024.
2025-06-25 10:35:34,876 - WARNING - Extracted year 2015 differs significantly from case year 2024 in case_035.txt. Using case year 2024.
2025-06-25 10:35:34,877 - WARNING - Extracted year 2015 differs significantly from case year 2024 in case_035.txt. Using case year 2024.
2025-06-25 10:35:34,878 - WARNING - Extracted year 2015 differs significantly from case year 2024 in case_035.txt. Using case year 2024.
2025-06-25 10:35:34,883 - WARNING - Extracted year 2015 differs significantly from case year 2024 in case_035.txt. Using case year 2024.
2025-06-25 10:35:34,884 - INFO - Extracted date: 29 November 2021 (Year: 2024, Month: November, Day: 29) for case_035.txt
2025-06-25 10:35:34,887 - INFO - Set jenis_perkara to 'Pidana Khusus Korupsi' for case_035.txt
2025-06-25 10:35:34,887 - INFO - Set tingkat_pemeriksaan to 'Kasasi' for case_035.txt
2025-06-25 10:35:34,888 - INFO - Set lembaga_peradilan to 'Mahkamah Agung' for case_035.txt
2025-06-25 10:35:34,890 - INFO - Extracted fallback pasal: pasal 2 ayat 1 for case_035.txt
2025-06-25 10:35:34,892 - WARNING - No hakim_ketua found in case_035.txt
2025-06-25 10:35:34,893 - INFO - Extracted ringkasan_fakta using pattern 1 for case_035.txt: sendiri 1 menyatakan terdakwanazaruddin sitorus s t tersebut diatas telah terbukti secara sah dan meyakinkan bersalah melakukantindak pidana turut serta melakukan korupsi sebagaimanadakwaan primair 2 
2025-06-25 10:35:34,894 - INFO - Extracted jumlah_kata_putusan: 4496 for case_035.txt
2025-06-25 10:35:34,896 - INFO - Completed metadata extraction for case_035.txt
2025-06-25 10:35:34,897 - INFO - Processed text file: case_035.txt
2025-06-25 10:35:34,900 - INFO - Extracted nomor_perkara from 'penetapan/putusan nomor pid sus' pattern: 5744k pid sus 2024 for case_036.txt
2025-06-25 10:35:34,902 - INFO - Extracted case year from nomor_perkara and set as tahun_putusan: 2024 for case_036.txt
2025-06-25 10:35:34,904 - INFO - Extracted date: 30 July 2020 (Year: 2024, Month: July, Day: 30) for case_036.txt
2025-06-25 10:35:34,904 - INFO - Set jenis_perkara to 'Pidana Khusus Korupsi' for case_036.txt
2025-06-25 10:35:34,905 - INFO - Set tingkat_pemeriksaan to 'Kasasi' for case_036.txt
2025-06-25 10:35:34,906 - INFO - Set lembaga_peradilan to 'Mahkamah Agung' for case_036.txt
2025-06-25 10:35:34,907 - INFO - Extracted fallback pasal: pasal 2 ayat 1 for case_036.txt
2025-06-25 10:35:34,909 - INFO - Extracted hakim_ketua: ansori s h m h hakimad hoctindak pidanakorupsi pada mahkamah agungdandr yanto s h m h hakim agungsebagai hakim hakim anggota putusan tersebut diucapkan dalam sidangterbuka untuk umum pada hari for case_036.txt
2025-06-25 10:35:34,911 - INFO - Extracted ringkasan_fakta using pattern 1 for case_036.txt: terdakwa dalam perkaraa quosesuai hukum acara pidanayang berlaku serta tidak melampaui kewenangannya bahwa alasan kasasi penuntut umum pada pokoknya adalahmengenaijudex factitidak menerapkan hukum ata
2025-06-25 10:35:34,915 - INFO - Extracted jumlah_kata_putusan: 3507 for case_036.txt
2025-06-25 10:35:34,916 - INFO - Completed metadata extraction for case_036.txt
2025-06-25 10:35:34,919 - INFO - Processed text file: case_036.txt
2025-06-25 10:35:34,925 - INFO - Extracted nomor_perkara from 'penetapan/putusan nomor pid sus' pattern: 5791 k pid sus 2024 for case_037.txt
2025-06-25 10:35:34,926 - INFO - Extracted case year from nomor_perkara and set as tahun_putusan: 2024 for case_037.txt
2025-06-25 10:35:34,927 - INFO - Extracted date: 6 June 2023 (Year: 2024, Month: June, Day: 6) for case_037.txt
2025-06-25 10:35:34,929 - INFO - Set jenis_perkara to 'Pidana Khusus Korupsi' for case_037.txt
2025-06-25 10:35:34,930 - INFO - Set tingkat_pemeriksaan to 'Kasasi' for case_037.txt
2025-06-25 10:35:34,931 - INFO - Set lembaga_peradilan to 'Mahkamah Agung' for case_037.txt
2025-06-25 10:35:34,932 - INFO - Extracted pasal: pasal 2 ayat 1, Undang-Undang Nomor 31 tahun 1999 for case_037.txt
2025-06-25 10:35:34,935 - INFO - Extracted hakim_ketua: dr agustinus purnomo hadi s h m h hakim ad hoc tindak pidana korupsi pada mahkamah agung for case_037.txt
2025-06-25 10:35:34,939 - INFO - Extracted ringkasan_fakta using pattern 1 for case_037.txt: terdakwa dalam perkara a quo sesuai hukum acara pidana yang berlaku serta tidak melampaui kewenangannya bahwa berdasarkan fakta yang terungkap di persidangan bahwa terdakwa selaku direktur pt desa jay
2025-06-25 10:35:34,941 - INFO - Extracted jumlah_kata_putusan: 13226 for case_037.txt
2025-06-25 10:35:34,944 - INFO - Completed metadata extraction for case_037.txt
2025-06-25 10:35:34,946 - INFO - Processed text file: case_037.txt
2025-06-25 10:35:34,954 - INFO - Extracted nomor_perkara from 'penetapan/putusan nomor pid sus' pattern: 5798 k pid sus 2024 for case_038.txt
2025-06-25 10:35:34,955 - INFO - Extracted case year from nomor_perkara and set as tahun_putusan: 2024 for case_038.txt
2025-06-25 10:35:34,956 - INFO - Extracted date: 16 May 2023 (Year: 2024, Month: May, Day: 16) for case_038.txt
2025-06-25 10:35:34,957 - INFO - Set jenis_perkara to 'Pidana Khusus Korupsi' for case_038.txt
2025-06-25 10:35:34,959 - INFO - Set tingkat_pemeriksaan to 'Kasasi' for case_038.txt
2025-06-25 10:35:34,959 - INFO - Set lembaga_peradilan to 'Mahkamah Agung' for case_038.txt
2025-06-25 10:35:34,962 - INFO - Extracted fallback pasal: pasal 2 ayat 1 for case_038.txt
2025-06-25 10:35:34,964 - INFO - Extracted hakim_ketua: h arizon mega jaya s h m h hakim ad hoc tindak pidana korupsi pada mahkamah agung for case_038.txt
2025-06-25 10:35:34,967 - INFO - Extracted ringkasan_fakta using pattern 1 for case_038.txt: sendiri 1 menyatakan terdakwa zulfany bin zulkifli almarhum terbukti secara sah dan meyakinkan bersalah melakukan tindak pidana korupsi secara bersama sama sebagaimana dalam dakwaan primair 2 menjatuh
2025-06-25 10:35:34,968 - INFO - Extracted jumlah_kata_putusan: 19172 for case_038.txt
2025-06-25 10:35:34,970 - INFO - Completed metadata extraction for case_038.txt
2025-06-25 10:35:34,971 - INFO - Processed text file: case_038.txt
2025-06-25 10:35:34,974 - INFO - Extracted nomor_perkara from fallback 'nomor' pattern: 5823k pid sus 2024 for case_039.txt
2025-06-25 10:35:34,975 - INFO - Extracted case year from nomor_perkara and set as tahun_putusan: 2024 for case_039.txt
2025-06-25 10:35:34,976 - INFO - Extracted date: 22 December 2021 (Year: 2024, Month: December, Day: 22) for case_039.txt
2025-06-25 10:35:34,976 - INFO - Set jenis_perkara to 'Pidana Khusus Korupsi' for case_039.txt
2025-06-25 10:35:34,977 - INFO - Set tingkat_pemeriksaan to 'Kasasi' for case_039.txt
2025-06-25 10:35:34,978 - INFO - Set lembaga_peradilan to 'Mahkamah Agung' for case_039.txt
2025-06-25 10:35:34,980 - INFO - Extracted fallback pasal: pasal 2 for case_039.txt
2025-06-25 10:35:34,987 - INFO - Extracted hakim_ketua: yang dihadiri hakim hakim anggota sertabayu ruhul azam s h m h panitera penggantidengan tidak dihadiri oleh penuntut umum for case_039.txt
2025-06-25 10:35:34,989 - INFO - Extracted ringkasan_fakta using pattern 1 for case_039.txt: menolak permohonan kasasi dari pemohon kasasi penuntut umumpadakejaksaan negeri makassartersebut membebankan biaya perkara padaseluruh tingkat peradilan danpadatingkat kasasi kepada negara
2025-06-25 10:35:34,992 - INFO - Extracted jumlah_kata_putusan: 3119 for case_039.txt
2025-06-25 10:35:34,993 - INFO - Completed metadata extraction for case_039.txt
2025-06-25 10:35:34,994 - INFO - Processed text file: case_039.txt
2025-06-25 10:35:34,996 - INFO - Extracted nomor_perkara from fallback 'nomor' pattern: 5841k pid sus 2024 for case_040.txt
2025-06-25 10:35:34,998 - INFO - Extracted case year from nomor_perkara and set as tahun_putusan: 2024 for case_040.txt
2025-06-25 10:35:34,998 - WARNING - Extracted year 2003 differs significantly from case year 2024 in case_040.txt. Using case year 2024.
2025-06-25 10:35:34,999 - INFO - Extracted date: 22 September 2022 (Year: 2024, Month: September, Day: 22) for case_040.txt
2025-06-25 10:35:35,000 - INFO - Set jenis_perkara to 'Pidana Khusus Korupsi' for case_040.txt
2025-06-25 10:35:35,002 - INFO - Set tingkat_pemeriksaan to 'Kasasi' for case_040.txt
2025-06-25 10:35:35,003 - INFO - Set lembaga_peradilan to 'Mahkamah Agung' for case_040.txt
2025-06-25 10:35:35,005 - INFO - Extracted fallback pasal: pasal 18 for case_040.txt
2025-06-25 10:35:35,007 - INFO - Extracted hakim_ketua: dr agustinus purnomo hadi s h m h hakimad hoctindak pidana korupsi pada mahkamah agungdansigid triyono s h m h hakimagung sebagai hakim hakim anggota putusan tersebutdiucapkan dalam sidang terbuka untuk umum pada hari for case_040.txt
2025-06-25 10:35:35,008 - INFO - Extracted ringkasan_fakta using pattern 1 for case_040.txt: sendiri perkara inidengan amar putusan sebagaimana yang akan disebutkan di bawah ini
2025-06-25 10:35:35,010 - INFO - Extracted jumlah_kata_putusan: 4778 for case_040.txt
2025-06-25 10:35:35,010 - INFO - Completed metadata extraction for case_040.txt
2025-06-25 10:35:35,011 - INFO - Processed text file: case_040.txt
2025-06-25 10:35:35,015 - INFO - Extracted nomor_perkara from 'penetapan/putusan nomor pid sus' pattern: 5844 k pid sus 2024 for case_041.txt
2025-06-25 10:35:35,017 - INFO - Extracted case year from nomor_perkara and set as tahun_putusan: 2024 for case_041.txt
2025-06-25 10:35:35,018 - INFO - Extracted date: 22 September 2022 (Year: 2024, Month: September, Day: 22) for case_041.txt
2025-06-25 10:35:35,018 - INFO - Set jenis_perkara to 'Pidana Khusus Korupsi' for case_041.txt
2025-06-25 10:35:35,019 - INFO - Set tingkat_pemeriksaan to 'Kasasi' for case_041.txt
2025-06-25 10:35:35,020 - INFO - Set lembaga_peradilan to 'Mahkamah Agung' for case_041.txt
2025-06-25 10:35:35,022 - INFO - Extracted fallback pasal: pasal 2 ayat 1 for case_041.txt
2025-06-25 10:35:35,023 - WARNING - No hakim_ketua found in case_041.txt
2025-06-25 10:35:35,024 - INFO - Extracted ringkasan_fakta using pattern 1 for case_041.txt: sendiriperkara ini dengan amar putusan sebagaimana yang akan disebutkan dibawah ini
2025-06-25 10:35:35,025 - INFO - Extracted jumlah_kata_putusan: 7338 for case_041.txt
2025-06-25 10:35:35,026 - INFO - Completed metadata extraction for case_041.txt
2025-06-25 10:35:35,027 - INFO - Processed text file: case_041.txt
2025-06-25 10:35:35,031 - INFO - Extracted nomor_perkara from 'penetapan/putusan nomor pid sus' pattern: 5848 k pid sus 2024 for case_042.txt
2025-06-25 10:35:35,034 - INFO - Extracted case year from nomor_perkara and set as tahun_putusan: 2024 for case_042.txt
2025-06-25 10:35:35,035 - INFO - Extracted date: 31 January 2024 (Year: 2024, Month: January, Day: 31) for case_042.txt
2025-06-25 10:35:35,036 - INFO - Set jenis_perkara to 'Pidana Khusus Korupsi' for case_042.txt
2025-06-25 10:35:35,037 - INFO - Set tingkat_pemeriksaan to 'Kasasi' for case_042.txt
2025-06-25 10:35:35,038 - INFO - Set lembaga_peradilan to 'Mahkamah Agung' for case_042.txt
2025-06-25 10:35:35,039 - INFO - Extracted fallback pasal: pasal 2 for case_042.txt
2025-06-25 10:35:35,041 - WARNING - No hakim_ketua found in case_042.txt
2025-06-25 10:35:35,041 - INFO - Extracted ringkasan_fakta using pattern 1 for case_042.txt: sendiri perkara inidengan amar putusan sebagaimana yang akan disebutkan di bawah ini
2025-06-25 10:35:35,043 - INFO - Extracted jumlah_kata_putusan: 8560 for case_042.txt
2025-06-25 10:35:35,044 - INFO - Completed metadata extraction for case_042.txt
2025-06-25 10:35:35,044 - INFO - Processed text file: case_042.txt
2025-06-25 10:35:35,049 - INFO - Extracted nomor_perkara from 'penetapan/putusan nomor pid sus' pattern: 5920 k pid sus 2024 for case_043.txt
2025-06-25 10:35:35,051 - INFO - Extracted case year from nomor_perkara and set as tahun_putusan: 2024 for case_043.txt
2025-06-25 10:35:35,051 - INFO - Extracted date: 28 August 2023 (Year: 2024, Month: August, Day: 28) for case_043.txt
2025-06-25 10:35:35,052 - INFO - Set jenis_perkara to 'Pidana Khusus Korupsi' for case_043.txt
2025-06-25 10:35:35,053 - INFO - Set tingkat_pemeriksaan to 'Kasasi' for case_043.txt
2025-06-25 10:35:35,054 - INFO - Set lembaga_peradilan to 'Mahkamah Agung' for case_043.txt
2025-06-25 10:35:35,055 - INFO - Extracted pasal: pasal 2 ayat 1, Undang-Undang Nomor 31 tahun 1999 for case_043.txt
2025-06-25 10:35:35,056 - INFO - Extracted hakim_ketua: dr agustinus purnomo hadi s h m h hakim ad hoc tindak pidana korupsi pada mahkamah agung for case_043.txt
2025-06-25 10:35:35,058 - INFO - Extracted ringkasan_fakta using pattern 1 for case_043.txt: sendiri perkara ini dengan amar putusan sebagaimana yang akan disebutkan di bawah ini
2025-06-25 10:35:35,059 - INFO - Extracted jumlah_kata_putusan: 10456 for case_043.txt
2025-06-25 10:35:35,059 - INFO - Completed metadata extraction for case_043.txt
2025-06-25 10:35:35,060 - INFO - Processed text file: case_043.txt
2025-06-25 10:35:35,064 - INFO - Extracted nomor_perkara from 'penetapan/putusan nomor pid sus' pattern: 5993 k pid sus 2024 for case_044.txt
2025-06-25 10:35:35,066 - INFO - Extracted case year from nomor_perkara and set as tahun_putusan: 2024 for case_044.txt
2025-06-25 10:35:35,067 - INFO - Extracted date: 28 November 2023 (Year: 2024, Month: November, Day: 28) for case_044.txt
2025-06-25 10:35:35,067 - INFO - Set jenis_perkara to 'Pidana Khusus Korupsi' for case_044.txt
2025-06-25 10:35:35,069 - INFO - Set tingkat_pemeriksaan to 'Kasasi' for case_044.txt
2025-06-25 10:35:35,070 - INFO - Set lembaga_peradilan to 'Mahkamah Agung' for case_044.txt
2025-06-25 10:35:35,070 - INFO - Extracted fallback pasal: pasal 2 ayat 1 for case_044.txt
2025-06-25 10:35:35,072 - INFO - Extracted hakim_ketua: dr agustinus purnomo hadi s h m h hakim ad hoc tindak pidana korupsi pada mahkamah agung for case_044.txt
2025-06-25 10:35:35,073 - INFO - Extracted ringkasan_fakta using pattern 1 for case_044.txt: menolak permohonan kasasi dari pemohon kasasi penuntut umum pada kejaksaan negeri bintan tersebut membebankan biaya perkara pada seluruh tingkat peradilan dan pada tingkat kasasi kepada negara
2025-06-25 10:35:35,074 - INFO - Extracted jumlah_kata_putusan: 4615 for case_044.txt
2025-06-25 10:35:35,075 - INFO - Completed metadata extraction for case_044.txt
2025-06-25 10:35:35,075 - INFO - Processed text file: case_044.txt
2025-06-25 10:35:35,077 - INFO - Extracted nomor_perkara from 'penetapan/putusan nomor pid sus' pattern: 6092 k pid sus 2024 for case_045.txt
2025-06-25 10:35:35,078 - INFO - Extracted case year from nomor_perkara and set as tahun_putusan: 2024 for case_045.txt
2025-06-25 10:35:35,080 - INFO - Extracted date: 8 May 2024 (Year: 2024, Month: May, Day: 8) for case_045.txt
2025-06-25 10:35:35,082 - INFO - Set jenis_perkara to 'Pidana Khusus Korupsi' for case_045.txt
2025-06-25 10:35:35,083 - INFO - Set tingkat_pemeriksaan to 'Kasasi' for case_045.txt
2025-06-25 10:35:35,083 - INFO - Set lembaga_peradilan to 'Mahkamah Agung' for case_045.txt
2025-06-25 10:35:35,084 - INFO - Extracted fallback pasal: pasal 18 for case_045.txt
2025-06-25 10:35:35,086 - WARNING - No hakim_ketua found in case_045.txt
2025-06-25 10:35:35,087 - INFO - Extracted ringkasan_fakta using pattern 1 for case_045.txt: menolak permohonan kasasi dari pemohon kasasii penuntut umumpada kejaksaan negeripasaman barattersebut menolak permohonan kasasi daripemohon kasasi ii terdakwaaliamriltersebut halaman15dari16halaman p
2025-06-25 10:35:35,088 - INFO - Extracted jumlah_kata_putusan: 3453 for case_045.txt
2025-06-25 10:35:35,088 - INFO - Completed metadata extraction for case_045.txt
2025-06-25 10:35:35,089 - INFO - Processed text file: case_045.txt
2025-06-25 10:35:35,092 - INFO - Extracted nomor_perkara from 'penetapan/putusan nomor pid sus' pattern: 6400 k pid sus 2024 for case_046.txt
2025-06-25 10:35:35,093 - INFO - Extracted case year from nomor_perkara and set as tahun_putusan: 2024 for case_046.txt
2025-06-25 10:35:35,095 - INFO - Extracted date: 16 August 2023 (Year: 2024, Month: August, Day: 16) for case_046.txt
2025-06-25 10:35:35,096 - INFO - Set jenis_perkara to 'Pidana Khusus Korupsi' for case_046.txt
2025-06-25 10:35:35,096 - INFO - Set tingkat_pemeriksaan to 'Kasasi' for case_046.txt
2025-06-25 10:35:35,097 - INFO - Set lembaga_peradilan to 'Mahkamah Agung' for case_046.txt
2025-06-25 10:35:35,099 - INFO - Extracted fallback pasal: pasal 2 ayat 1 for case_046.txt
2025-06-25 10:35:35,100 - INFO - Extracted hakim_ketua: h arizon mega jaya s h m h hakim ad hoc tindak pidana korupsi pada mahkamah agung for case_046.txt
2025-06-25 10:35:35,102 - INFO - Extracted ringkasan_fakta using pattern 1 for case_046.txt: telah dilaksanakan menurut dari 31 halaman putusan nomor 6400 k pid sus 2024 ketentuan undang undang bahwa berdasarkan fakta hukum yang terungkap di persidangan yaitu bahwa terdakwa selaku analis kred
2025-06-25 10:35:35,103 - INFO - Extracted jumlah_kata_putusan: 6518 for case_046.txt
2025-06-25 10:35:35,104 - INFO - Completed metadata extraction for case_046.txt
2025-06-25 10:35:35,105 - INFO - Processed text file: case_046.txt
2025-06-25 10:35:35,107 - INFO - Extracted nomor_perkara from 'penetapan/putusan nomor pdt g' pattern: 766 pdt g 2025 for case_047.txt
2025-06-25 10:35:35,107 - INFO - Extracted case year from nomor_perkara and set as tahun_putusan: 2025 for case_047.txt
2025-06-25 10:35:35,108 - INFO - Extracted date: 26 May 2025 (Year: 2025, Month: May, Day: 26) for case_047.txt
2025-06-25 10:35:35,110 - INFO - Set jenis_perkara to 'Perdata' for case_047.txt
2025-06-25 10:35:35,110 - INFO - Set tingkat_pemeriksaan to 'Pertama' for case_047.txt
2025-06-25 10:35:35,112 - INFO - Set lembaga_peradilan to 'Pengadilan Agama' for case_047.txt
2025-06-25 10:35:35,113 - INFO - Extracted fallback pasal: pasal 89 ayat 1 for case_047.txt
2025-06-25 10:35:35,115 - WARNING - No hakim_ketua found in case_047.txt
2025-06-25 10:35:35,119 - INFO - Extracted ringkasan_fakta using pattern 1 for case_047.txt: perkara perdata agama pada tingkat pertama telahmenjatuhkan putusan perkara cerai gugat antara penggugat nik xxxxxx tempat dan tanggal lahir banyumas 05 januari1992 agama islam pendidikan sd pekerjaan
2025-06-25 10:35:35,120 - INFO - Extracted jumlah_kata_putusan: 949 for case_047.txt
2025-06-25 10:35:35,121 - INFO - Completed metadata extraction for case_047.txt
2025-06-25 10:35:35,123 - INFO - Processed text file: case_047.txt
2025-06-25 10:35:35,124 - INFO - Extracted nomor_perkara from 'penetapan/putusan nomor pdt g' pattern: 883 pdt g 2025 for case_048.txt
2025-06-25 10:35:35,125 - INFO - Extracted case year from nomor_perkara and set as tahun_putusan: 2025 for case_048.txt
2025-06-25 10:35:35,127 - INFO - Extracted date: 08 May 2025 (Year: 2025, Month: May, Day: 8) for case_048.txt
2025-06-25 10:35:35,127 - INFO - Set jenis_perkara to 'Perdata' for case_048.txt
2025-06-25 10:35:35,129 - INFO - Set tingkat_pemeriksaan to 'Pertama' for case_048.txt
2025-06-25 10:35:35,131 - INFO - Set lembaga_peradilan to 'Mahkamah Agung' for case_048.txt
2025-06-25 10:35:35,133 - INFO - Extracted fallback pasal: pasal 49 for case_048.txt
2025-06-25 10:35:35,166 - WARNING - No hakim_ketua found in case_048.txt
2025-06-25 10:35:35,168 - INFO - Extracted ringkasan_fakta using pattern 1 for case_048.txt: perkara perdata agama pada tingkat pertama telahmenjatuhkan putusan dalam perkara cerai gugat antara penggugat umur 44 tahun agama islam pendidikan sd pekerjaanibu rumah tangga bertempat tinggal di ka
2025-06-25 10:35:35,169 - INFO - Extracted jumlah_kata_putusan: 3683 for case_048.txt
2025-06-25 10:35:35,169 - INFO - Completed metadata extraction for case_048.txt
2025-06-25 10:35:35,170 - INFO - Processed text file: case_048.txt
2025-06-25 10:35:35,171 - INFO - Extracted nomor_perkara from 'penetapan/putusan nomor pdt p' pattern: 88 pdt p 2025 for case_049.txt
2025-06-25 10:35:35,171 - INFO - Extracted case year from nomor_perkara and set as tahun_putusan: 2025 for case_049.txt
2025-06-25 10:35:35,172 - INFO - Extracted date: 22 November 2024 (Year: 2025, Month: November, Day: 22) for case_049.txt
2025-06-25 10:35:35,173 - INFO - Set jenis_perkara to 'Perdata' for case_049.txt
2025-06-25 10:35:35,173 - INFO - Set tingkat_pemeriksaan to 'Pertama' for case_049.txt
2025-06-25 10:35:35,174 - INFO - Set lembaga_peradilan to 'Pengadilan Agama' for case_049.txt
2025-06-25 10:35:35,175 - INFO - Extracted fallback pasal: pasal 49 for case_049.txt
2025-06-25 10:35:35,175 - WARNING - No hakim_ketua found in case_049.txt
2025-06-25 10:35:35,176 - INFO - Extracted ringkasan_fakta using pattern 1 for case_049.txt: perkara tertentu pada tingkat pertama dalam sidang hakim telah menjatuhkan penetapan sebagai berikut dalam perkara dispensasi kawin yang diajukan oleh xxx tempat tanggal lahir sebalang 07 agustus 1979
2025-06-25 10:35:35,177 - INFO - Extracted jumlah_kata_putusan: 1435 for case_049.txt
2025-06-25 10:35:35,178 - INFO - Completed metadata extraction for case_049.txt
2025-06-25 10:35:35,179 - INFO - Processed text file: case_049.txt
2025-06-25 10:35:35,180 - INFO - Extracted nomor_perkara from 'penetapan/putusan nomor pdt g' pattern: 917 pdt g 2025 for case_050.txt
2025-06-25 10:35:35,181 - INFO - Extracted case year from nomor_perkara and set as tahun_putusan: 2025 for case_050.txt
2025-06-25 10:35:35,182 - INFO - Extracted date: 05 May 2025 (Year: 2025, Month: May, Day: 5) for case_050.txt
2025-06-25 10:35:35,183 - INFO - Set jenis_perkara to 'Perdata' for case_050.txt
2025-06-25 10:35:35,184 - INFO - Set tingkat_pemeriksaan to 'Pertama' for case_050.txt
2025-06-25 10:35:35,185 - INFO - Set lembaga_peradilan to 'Mahkamah Agung' for case_050.txt
2025-06-25 10:35:35,186 - INFO - Extracted fallback pasal: pasal 19 for case_050.txt
2025-06-25 10:35:35,212 - WARNING - No hakim_ketua found in case_050.txt
2025-06-25 10:35:35,214 - INFO - Extracted ringkasan_fakta using pattern 1 for case_050.txt: perkara perdata agama pada tingkat pertama telahmenjatuhkan putusan dalam perkara cerai gugat antara penggugat nik umur 45 tahun agama islam pendidikan d3 pekerjaan wiraswasta bertempat tinggal di kec
2025-06-25 10:35:35,216 - INFO - Extracted jumlah_kata_putusan: 3623 for case_050.txt
2025-06-25 10:35:35,216 - INFO - Completed metadata extraction for case_050.txt
2025-06-25 10:35:35,217 - INFO - Processed text file: case_050.txt
2025-06-25 10:35:35,263 - INFO - Saved 50 metadata entries to d:\AL FITRA\STUDI UMM\SEMESTER 6\TEORI\PENALARAN KOMPUTER\SOURCE CODE\PENALARAN KOMPUTER\CBR_Penalararan_Komputer\CBR\data\processed\cases.csv
2025-06-25 10:35:35,264 - INFO - Processed 50 files and saved to d:\AL FITRA\STUDI UMM\SEMESTER 6\TEORI\PENALARAN KOMPUTER\SOURCE CODE\PENALARAN KOMPUTER\CBR_Penalararan_Komputer\CBR\data\processed\cases.csv
