2025-06-25 18:52:14,572 - INFO - Starting retrieval process at 2025-06-25 18:52:14
2025-06-25 18:52:14,575 - WARNING - d:\AL FITRA\STUDI UMM\SEMESTER 6\TEORI\PENALARAN KOMPUTER\SOURCE CODE\PENALARAN KOMPUTER\CBR_Penalararan_Komputer\data\processed\cases.csv not found. Creating sample cases.csv.
2025-06-25 18:52:14,582 - INFO - Created sample d:\AL FITRA\STUDI UMM\SEMESTER 6\TEORI\PENALARAN KOMPUTER\SOURCE CODE\PENALARAN KOMPUTER\CBR_Penalararan_Komputer\data\processed\cases.csv with 50 cases.
2025-06-25 18:52:14,585 - WARNING - d:\AL FITRA\STUDI UMM\SEMESTER 6\TEORI\PENALARAN KOMPUTER\SOURCE CODE\PENALARAN KOMPUTER\CBR_Penalararan_Komputer\data\eval\queries.json not found. Creating sample queries.json.
2025-06-25 18:52:14,587 - INFO - Created sample d:\AL FITRA\STUDI UMM\SEMESTER 6\TEORI\PENALARAN KOMPUTER\SOURCE CODE\PENALARAN KOMPUTER\CBR_Penalararan_Komputer\data\eval\queries.json with 5 queries.
2025-06-25 18:52:14,608 - INFO - Loaded 50 cases from d:\AL FITRA\STUDI UMM\SEMESTER 6\TEORI\PENALARAN KOMPUTER\SOURCE CODE\PENALARAN KOMPUTER\CBR_Penalararan_Komputer\data\processed\cases.csv
2025-06-25 18:52:14,619 - INFO - TF-IDF matrix shape: (50, 267)
2025-06-25 18:52:14,632 - INFO - Loaded 5 evaluation queries from d:\AL FITRA\STUDI UMM\SEMESTER 6\TEORI\PENALARAN KOMPUTER\SOURCE CODE\PENALARAN KOMPUTER\CBR_Penalararan_Komputer\data\eval\queries.json
2025-06-25 18:52:14,691 - INFO - Training data shape: (100, 537)
2025-06-25 18:52:14,693 - INFO - Class distribution: [50 50]
2025-06-25 18:52:14,756 - INFO - Best SVM Parameters: {'C': 0.01}
2025-06-25 18:52:14,757 - INFO - Best CV Accuracy: 1.00
2025-06-25 18:52:14,779 - INFO - Query: Legal dispute case 1...
2025-06-25 18:52:14,780 - INFO - Top 5 Results (ID, Score): [('CASE_1', 0.8953614422973935), ('CASE_2', 0.7539814150473183), ('CASE_3', 0.7539814150473183), ('CASE_4', 0.7539814150473183), ('CASE_5', 0.7539814150473183)]
2025-06-25 18:52:14,781 - INFO - FOUND in Top-5: CASE_1
2025-06-25 18:52:14,807 - INFO - Query: Legal dispute case 2...
2025-06-25 18:52:14,808 - INFO - Top 5 Results (ID, Score): [('CASE_2', 0.8953614422973935), ('CASE_1', 0.7539814150473183), ('CASE_3', 0.7539814150473183), ('CASE_4', 0.7539814150473183), ('CASE_5', 0.7539814150473183)]
2025-06-25 18:52:14,809 - INFO - FOUND in Top-5: CASE_2
2025-06-25 18:52:14,833 - INFO - Query: Legal dispute case 3...
2025-06-25 18:52:14,835 - INFO - Top 5 Results (ID, Score): [('CASE_3', 0.8953614422973935), ('CASE_1', 0.7539814150473183), ('CASE_2', 0.7539814150473183), ('CASE_4', 0.7539814150473183), ('CASE_5', 0.7539814150473183)]
2025-06-25 18:52:14,835 - INFO - FOUND in Top-5: CASE_3
2025-06-25 18:52:14,857 - INFO - Query: Legal dispute case 4...
2025-06-25 18:52:14,858 - INFO - Top 5 Results (ID, Score): [('CASE_4', 0.8953614422973935), ('CASE_1', 0.7539814150473183), ('CASE_2', 0.7539814150473183), ('CASE_3', 0.7539814150473183), ('CASE_5', 0.7539814150473183)]
2025-06-25 18:52:14,858 - INFO - FOUND in Top-5: CASE_4
2025-06-25 18:52:14,879 - INFO - Query: Legal dispute case 5...
2025-06-25 18:52:14,879 - INFO - Top 5 Results (ID, Score): [('CASE_5', 0.8953614422973935), ('CASE_1', 0.7539814150473183), ('CASE_2', 0.7539814150473183), ('CASE_3', 0.7539814150473183), ('CASE_4', 0.7539814150473183)]
2025-06-25 18:52:14,880 - INFO - FOUND in Top-5: CASE_5
2025-06-25 18:52:14,881 - INFO - SVM Pairwise Accuracy@5: 5/5 = 1.00
2025-06-25 18:52:14,882 - INFO - SVM Pairwise Recall@10: 5/5 = 1.00
2025-06-25 18:53:26,763 - WARNING - From c:\Users\ASUS\AppData\Local\Programs\Python\Python311\Lib\site-packages\tf_keras\src\losses.py:2976: The name tf.losses.sparse_softmax_cross_entropy is deprecated. Please use tf.compat.v1.losses.sparse_softmax_cross_entropy instead.

2025-06-25 18:53:27,352 - INFO - PyTorch version 2.7.0 available.
2025-06-25 18:53:27,355 - INFO - TensorFlow version 2.19.0 available.
2025-06-25 18:53:29,214 - INFO - Directory ensured: d:\AL FITRA\STUDI UMM\SEMESTER 6\TEORI\PENALARAN KOMPUTER\SOURCE CODE\PENALARAN KOMPUTER\CBR_Penalararan_Komputer\logs
2025-06-25 18:53:29,215 - INFO - Directory ensured: d:\AL FITRA\STUDI UMM\SEMESTER 6\TEORI\PENALARAN KOMPUTER\SOURCE CODE\PENALARAN KOMPUTER\CBR_Penalararan_Komputer\data\processed
2025-06-25 18:53:29,216 - INFO - Directory ensured: d:\AL FITRA\STUDI UMM\SEMESTER 6\TEORI\PENALARAN KOMPUTER\SOURCE CODE\PENALARAN KOMPUTER\CBR_Penalararan_Komputer\data\eval
