2025-06-25 18:54:04,524 - INFO - Starting retrieval process at 2025-06-25 18:54:04
2025-06-25 18:54:04,527 - INFO - Loaded 50 cases from d:\AL FITRA\STUDI UMM\SEMESTER 6\TEORI\PENALARAN KOMPUTER\SOURCE CODE\PENALARAN KOMPUTER\CBR_Penalararan_Komputer\data\processed\cases.csv
2025-06-25 18:54:04,532 - INFO - TF-IDF matrix shape: (50, 267)
2025-06-25 18:54:04,534 - INFO - Loaded 5 evaluation queries from d:\AL FITRA\STUDI UMM\SEMESTER 6\TEORI\PENALARAN KOMPUTER\SOURCE CODE\PENALARAN KOMPUTER\CBR_Penalararan_Komputer\data\eval\queries.json
2025-06-25 18:54:04,561 - INFO - Training data shape: (100, 537)
2025-06-25 18:54:04,562 - INFO - Class distribution: [50 50]
2025-06-25 18:54:04,699 - INFO - Best Logistic Regression Parameters: {'C': 0.01}
2025-06-25 18:54:04,700 - ERROR - Error training Logistic Regression: 'GridSearchCV' object has no attribute 'best_score'
2025-06-25 18:54:04,723 - INFO - Query: Legal dispute case 1...
2025-06-25 18:54:04,724 - INFO - Top 5 Results (ID, Score): [('CASE_1', 0.6088289384970411), ('CASE_2', 0.5958438000633589), ('CASE_3', 0.5958438000633589), ('CASE_4', 0.5958438000633589), ('CASE_5', 0.5958438000633589)]
2025-06-25 18:54:04,725 - INFO - ✅ FOUND in Top-5: CASE_1
2025-06-25 18:54:04,749 - INFO - Query: Legal dispute case 2...
2025-06-25 18:54:04,751 - INFO - Top 5 Results (ID, Score): [('CASE_2', 0.6088289384970411), ('CASE_1', 0.5958438000633589), ('CASE_3', 0.5958438000633589), ('CASE_4', 0.5958438000633589), ('CASE_5', 0.5958438000633589)]
2025-06-25 18:54:04,751 - INFO - ✅ FOUND in Top-5: CASE_2
2025-06-25 18:54:04,775 - INFO - Query: Legal dispute case 3...
2025-06-25 18:54:04,776 - INFO - Top 5 Results (ID, Score): [('CASE_3', 0.6088289384970411), ('CASE_1', 0.5958438000633589), ('CASE_2', 0.5958438000633589), ('CASE_4', 0.5958438000633589), ('CASE_5', 0.5958438000633589)]
2025-06-25 18:54:04,776 - INFO - ✅ FOUND in Top-5: CASE_3
2025-06-25 18:54:04,805 - INFO - Query: Legal dispute case 4...
2025-06-25 18:54:04,806 - INFO - Top 5 Results (ID, Score): [('CASE_4', 0.6088289384970411), ('CASE_1', 0.5958438000633589), ('CASE_2', 0.5958438000633589), ('CASE_3', 0.5958438000633589), ('CASE_5', 0.5958438000633589)]
2025-06-25 18:54:04,806 - INFO - ✅ FOUND in Top-5: CASE_4
2025-06-25 18:54:04,831 - INFO - Query: Legal dispute case 5...
2025-06-25 18:54:04,832 - INFO - Top 5 Results (ID, Score): [('CASE_5', 0.6088289384970411), ('CASE_1', 0.5958438000633589), ('CASE_2', 0.5958438000633589), ('CASE_3', 0.5958438000633589), ('CASE_4', 0.5958438000633589)]
2025-06-25 18:54:04,832 - INFO - ✅ FOUND in Top-5: CASE_5
2025-06-25 18:54:04,833 - INFO - LogReg Pairwise Accuracy@5: 5/5 = 1.00
2025-06-25 18:54:04,834 - INFO - LogReg Pairwise Recall@10: 5/5 = 1.00
