2025-06-25 18:53:29,218 - INFO - Starting retrieval process at 2025-06-25 18:53:29
2025-06-25 18:53:29,231 - INFO - Loading SentenceTransformer model: indobenchmark/indobert-base-p1 on cpu
2025-06-25 18:53:29,233 - INFO - Load pretrained SentenceTransformer: indobenchmark/indobert-base-p1
2025-06-25 18:53:30,284 - WARNING - No sentence-transformers model found with name indobenchmark/indobert-base-p1. Creating a new one with mean pooling.
2025-06-25 18:53:35,610 - INFO - Loading CrossEncoder model: cross-encoder/mmarco-mMiniLMv2-L12-H384-v1
2025-06-25 18:53:39,188 - INFO - Loading dataset from d:\AL FITRA\STUDI UMM\SEMESTER 6\TEORI\PENALARAN KOMPUTER\SOURCE CODE\PENALARAN KOMPUTER\CBR_Penalararan_Komputer\data\processed\cases.csv
2025-06-25 18:53:39,193 - INFO - Loaded 50 cases from d:\AL FITRA\STUDI UMM\SEMESTER 6\TEORI\PENALARAN KOMPUTER\SOURCE CODE\PENALARAN KOMPUTER\CBR_Penalararan_Komputer\data\processed\cases.csv
2025-06-25 18:53:39,194 - INFO - Preprocessing texts
2025-06-25 18:53:39,253 - INFO - Initializing BM25Okapi with k1=1.5, b=0.75
2025-06-25 18:53:39,254 - INFO - Encoding documents
2025-06-25 18:53:40,078 - INFO - Document embeddings shape: (50, 768)
2025-06-25 18:53:40,080 - INFO - Loading evaluation queries from d:\AL FITRA\STUDI UMM\SEMESTER 6\TEORI\PENALARAN KOMPUTER\SOURCE CODE\PENALARAN KOMPUTER\CBR_Penalararan_Komputer\data\eval\queries.json
2025-06-25 18:53:40,082 - INFO - Loaded 5 evaluation queries
2025-06-25 18:53:40,083 - INFO - Evaluating with alpha=0.4
2025-06-25 18:53:41,011 - INFO - Alpha=0.4: Accuracy@5=1.00, Recall@10=1.00, MRR=1.00
2025-06-25 18:53:41,012 - INFO - Evaluating with alpha=0.5
2025-06-25 18:53:41,811 - INFO - Alpha=0.5: Accuracy@5=1.00, Recall@10=1.00, MRR=1.00
2025-06-25 18:53:41,812 - INFO - Evaluating with alpha=0.6
2025-06-25 18:53:42,584 - INFO - Alpha=0.6: Accuracy@5=1.00, Recall@10=1.00, MRR=1.00
2025-06-25 18:53:42,585 - INFO - Evaluating with alpha=0.7
2025-06-25 18:53:43,276 - INFO - Alpha=0.7: Accuracy@5=1.00, Recall@10=1.00, MRR=1.00
2025-06-25 18:53:43,277 - INFO - Evaluating with alpha=0.8
2025-06-25 18:53:44,022 - INFO - Alpha=0.8: Accuracy@5=1.00, Recall@10=1.00, MRR=1.00
2025-06-25 18:53:44,023 - INFO - Evaluating with alpha=0.9
2025-06-25 18:53:44,772 - INFO - Alpha=0.9: Accuracy@5=1.00, Recall@10=1.00, MRR=1.00
2025-06-25 18:53:44,774 - INFO - Best alpha: 0.4 with Accuracy@5: 1.00
2025-06-25 18:53:44,900 - INFO - Query: Legal dispute case 1...
2025-06-25 18:53:44,901 - INFO - Top 5 Results (ID, Score): [('CASE_1', 2.6080522537231445), ('CASE_36', -0.2090521901845932), ('CASE_18', -0.2971399426460266), ('CASE_22', -0.3112589120864868), ('CASE_33', -0.4068657457828522)]
2025-06-25 18:53:44,901 - INFO - ✅ FOUND in Top-5: CASE_1
2025-06-25 18:53:45,057 - INFO - Query: Legal dispute case 2...
2025-06-25 18:53:45,058 - INFO - Top 5 Results (ID, Score): [('CASE_2', 3.850890874862671), ('CASE_22', -0.8424013257026672), ('CASE_36', -0.8646456599235535), ('CASE_14', -0.9724109172821045), ('CASE_33', -1.0700099468231201)]
2025-06-25 18:53:45,060 - INFO - ✅ FOUND in Top-5: CASE_2
2025-06-25 18:53:45,256 - INFO - Query: Legal dispute case 3...
2025-06-25 18:53:45,257 - INFO - Top 5 Results (ID, Score): [('CASE_3', 4.66757345199585), ('CASE_36', -1.095275640487671), ('CASE_34', -1.1280617713928223), ('CASE_39', -1.1465623378753662), ('CASE_33', -1.1836564540863037)]
2025-06-25 18:53:45,259 - INFO - ✅ FOUND in Top-5: CASE_3
2025-06-25 18:53:45,390 - INFO - Query: Legal dispute case 4...
2025-06-25 18:53:45,391 - INFO - Top 5 Results (ID, Score): [('CASE_4', 5.204351425170898), ('CASE_14', -1.1908142566680908), ('CASE_6', -1.4267545938491821), ('CASE_5', -1.6177467107772827), ('CASE_3', -1.6930294036865234)]
2025-06-25 18:53:45,392 - INFO - ✅ FOUND in Top-5: CASE_4
2025-06-25 18:53:45,584 - INFO - Query: Legal dispute case 5...
2025-06-25 18:53:45,586 - INFO - Top 5 Results (ID, Score): [('CASE_5', 5.066494464874268), ('CASE_17', -1.109178900718689), ('CASE_15', -1.1389869451522827), ('CASE_6', -1.1803104877471924), ('CASE_18', -1.1884946823120117)]
2025-06-25 18:53:45,587 - INFO - ✅ FOUND in Top-5: CASE_5
2025-06-25 18:53:45,589 - INFO - IndoBERT-Base-P1 Accuracy@5: 5/5 = 1.00
2025-06-25 18:53:45,590 - INFO - IndoBERT-Base-P1 Recall@10: 5/5 = 1.00
2025-06-25 18:53:45,591 - INFO - IndoBERT-Base-P1 MRR: 1.00
2025-06-25 18:53:45,650 - INFO - Directory ensured: d:\AL FITRA\STUDI UMM\SEMESTER 6\TEORI\PENALARAN KOMPUTER\SOURCE CODE\PENALARAN KOMPUTER\CBR_Penalararan_Komputer\logs
2025-06-25 18:53:45,652 - INFO - Directory ensured: d:\AL FITRA\STUDI UMM\SEMESTER 6\TEORI\PENALARAN KOMPUTER\SOURCE CODE\PENALARAN KOMPUTER\CBR_Penalararan_Komputer\data\processed
2025-06-25 18:53:45,653 - INFO - Directory ensured: d:\AL FITRA\STUDI UMM\SEMESTER 6\TEORI\PENALARAN KOMPUTER\SOURCE CODE\PENALARAN KOMPUTER\CBR_Penalararan_Komputer\data\eval
